<?xml version="1.0" encoding="UTF-8"?>
<coverage generated="1763062679149" clover="3.2.0">
  <project timestamp="1763062679149" name="All files">
    <metrics statements="563" coveredstatements="493" conditionals="188" coveredconditionals="91" methods="162" coveredmethods="139" elements="913" coveredelements="723" complexity="0" loc="563" ncloc="563" packages="12" files="44" classes="44"/>
    <package name="dist">
      <metrics statements="21" coveredstatements="20" conditionals="7" coveredconditionals="7" methods="2" coveredmethods="1"/>
      <file name="app.js" path="C:\Users\Ranjot Singh\Documents\rrc-polytech\semester-3\Back End Development\capstone project\dist\app.js">
        <metrics statements="21" coveredstatements="20" conditionals="7" coveredconditionals="7" methods="2" coveredmethods="1"/>
        <line num="2" count="5" type="cond" truecount="3" falsecount="0"/>
        <line num="3" count="35" type="cond" truecount="4" falsecount="0"/>
        <line num="5" count="5" type="stmt"/>
        <line num="6" count="5" type="stmt"/>
        <line num="7" count="5" type="stmt"/>
        <line num="8" count="5" type="stmt"/>
        <line num="9" count="5" type="stmt"/>
        <line num="10" count="5" type="stmt"/>
        <line num="11" count="5" type="stmt"/>
        <line num="12" count="5" type="stmt"/>
        <line num="13" count="5" type="stmt"/>
        <line num="15" count="5" type="stmt"/>
        <line num="17" count="5" type="stmt"/>
        <line num="18" count="5" type="stmt"/>
        <line num="19" count="5" type="stmt"/>
        <line num="20" count="5" type="stmt"/>
        <line num="21" count="5" type="stmt"/>
        <line num="22" count="5" type="stmt"/>
        <line num="24" count="5" type="stmt"/>
        <line num="25" count="0" type="stmt"/>
        <line num="27" count="5" type="stmt"/>
      </file>
    </package>
    <package name="dist.api.v1.controllers">
      <metrics statements="127" coveredstatements="85" conditionals="86" coveredconditionals="34" methods="36" coveredmethods="22"/>
      <file name="authors.controller.js" path="C:\Users\Ranjot Singh\Documents\rrc-polytech\semester-3\Back End Development\capstone project\dist\api\v1\controllers\authors.controller.js">
        <metrics statements="20" coveredstatements="18" conditionals="4" coveredconditionals="2" methods="5" coveredmethods="5"/>
        <line num="2" count="5" type="stmt"/>
        <line num="3" count="5" type="stmt"/>
        <line num="4" count="5" type="stmt"/>
        <line num="5" count="5" type="stmt"/>
        <line num="6" count="1" type="stmt"/>
        <line num="8" count="1" type="stmt"/>
        <line num="9" count="1" type="stmt"/>
        <line num="10" count="1" type="cond" truecount="1" falsecount="1"/>
        <line num="11" count="0" type="stmt"/>
        <line num="12" count="1" type="stmt"/>
        <line num="15" count="1" type="stmt"/>
        <line num="16" count="1" type="stmt"/>
        <line num="19" count="1" type="stmt"/>
        <line num="20" count="1" type="stmt"/>
        <line num="21" count="1" type="stmt"/>
        <line num="24" count="1" type="stmt"/>
        <line num="25" count="1" type="stmt"/>
        <line num="26" count="1" type="cond" truecount="1" falsecount="1"/>
        <line num="27" count="0" type="stmt"/>
        <line num="28" count="1" type="stmt"/>
      </file>
      <file name="books.controller.js" path="C:\Users\Ranjot Singh\Documents\rrc-polytech\semester-3\Back End Development\capstone project\dist\api\v1\controllers\books.controller.js">
        <metrics statements="21" coveredstatements="19" conditionals="4" coveredconditionals="2" methods="5" coveredmethods="5"/>
        <line num="2" count="5" type="stmt"/>
        <line num="3" count="5" type="stmt"/>
        <line num="4" count="5" type="stmt"/>
        <line num="5" count="5" type="stmt"/>
        <line num="7" count="1" type="stmt"/>
        <line num="8" count="1" type="stmt"/>
        <line num="11" count="1" type="stmt"/>
        <line num="12" count="1" type="stmt"/>
        <line num="13" count="1" type="cond" truecount="1" falsecount="1"/>
        <line num="14" count="0" type="stmt"/>
        <line num="15" count="1" type="stmt"/>
        <line num="18" count="1" type="stmt"/>
        <line num="19" count="1" type="stmt"/>
        <line num="22" count="1" type="stmt"/>
        <line num="23" count="1" type="stmt"/>
        <line num="24" count="1" type="stmt"/>
        <line num="27" count="1" type="stmt"/>
        <line num="28" count="1" type="stmt"/>
        <line num="29" count="1" type="cond" truecount="1" falsecount="1"/>
        <line num="30" count="0" type="stmt"/>
        <line num="31" count="1" type="stmt"/>
      </file>
      <file name="loans.controller.js" path="C:\Users\Ranjot Singh\Documents\rrc-polytech\semester-3\Back End Development\capstone project\dist\api\v1\controllers\loans.controller.js">
        <metrics statements="35" coveredstatements="17" conditionals="37" coveredconditionals="14" methods="11" coveredmethods="4"/>
        <line num="2" count="5" type="cond" truecount="4" falsecount="1"/>
        <line num="3" count="0" type="cond" truecount="0" falsecount="2"/>
        <line num="4" count="0" type="stmt"/>
        <line num="5" count="0" type="cond" truecount="0" falsecount="8"/>
        <line num="6" count="0" type="stmt"/>
        <line num="8" count="0" type="stmt"/>
        <line num="10" count="0" type="cond" truecount="0" falsecount="2"/>
        <line num="11" count="0" type="stmt"/>
        <line num="13" count="5" type="cond" truecount="4" falsecount="1"/>
        <line num="14" count="0" type="stmt"/>
        <line num="16" count="0" type="stmt"/>
        <line num="18" count="5" type="cond" truecount="3" falsecount="0"/>
        <line num="19" count="5" type="stmt"/>
        <line num="20" count="0" type="cond" truecount="0" falsecount="2"/>
        <line num="21" count="0" type="stmt"/>
        <line num="22" count="0" type="cond" truecount="0" falsecount="2"/>
        <line num="23" count="0" type="stmt"/>
        <line num="25" count="0" type="stmt"/>
        <line num="27" count="5" type="stmt"/>
        <line num="28" count="5" type="cond" truecount="3" falsecount="1"/>
        <line num="29" count="0" type="stmt"/>
        <line num="30" count="0" type="cond" truecount="0" falsecount="4"/>
        <line num="31" count="0" type="stmt"/>
        <line num="32" count="0" type="stmt"/>
        <line num="35" count="5" type="stmt"/>
        <line num="36" count="5" type="stmt"/>
        <line num="37" count="5" type="stmt"/>
        <line num="38" count="5" type="stmt"/>
        <line num="39" count="1" type="stmt"/>
        <line num="40" count="1" type="stmt"/>
        <line num="42" count="5" type="stmt"/>
        <line num="43" count="5" type="stmt"/>
        <line num="44" count="1" type="stmt"/>
        <line num="45" count="1" type="stmt"/>
        <line num="47" count="5" type="stmt"/>
      </file>
      <file name="members.controller.js" path="C:\Users\Ranjot Singh\Documents\rrc-polytech\semester-3\Back End Development\capstone project\dist\api\v1\controllers\members.controller.js">
        <metrics statements="20" coveredstatements="18" conditionals="4" coveredconditionals="2" methods="5" coveredmethods="5"/>
        <line num="2" count="5" type="stmt"/>
        <line num="3" count="5" type="stmt"/>
        <line num="4" count="5" type="stmt"/>
        <line num="5" count="5" type="stmt"/>
        <line num="6" count="1" type="stmt"/>
        <line num="8" count="1" type="stmt"/>
        <line num="9" count="1" type="stmt"/>
        <line num="10" count="1" type="cond" truecount="1" falsecount="1"/>
        <line num="11" count="0" type="stmt"/>
        <line num="12" count="1" type="stmt"/>
        <line num="15" count="1" type="stmt"/>
        <line num="16" count="1" type="stmt"/>
        <line num="19" count="1" type="stmt"/>
        <line num="20" count="1" type="stmt"/>
        <line num="21" count="1" type="stmt"/>
        <line num="24" count="1" type="stmt"/>
        <line num="25" count="1" type="stmt"/>
        <line num="26" count="1" type="cond" truecount="1" falsecount="1"/>
        <line num="27" count="0" type="stmt"/>
        <line num="28" count="1" type="stmt"/>
      </file>
      <file name="notifications.controller.js" path="C:\Users\Ranjot Singh\Documents\rrc-polytech\semester-3\Back End Development\capstone project\dist\api\v1\controllers\notifications.controller.js">
        <metrics statements="31" coveredstatements="13" conditionals="37" coveredconditionals="14" methods="10" coveredmethods="3"/>
        <line num="2" count="5" type="cond" truecount="4" falsecount="1"/>
        <line num="3" count="0" type="cond" truecount="0" falsecount="2"/>
        <line num="4" count="0" type="stmt"/>
        <line num="5" count="0" type="cond" truecount="0" falsecount="8"/>
        <line num="6" count="0" type="stmt"/>
        <line num="8" count="0" type="stmt"/>
        <line num="10" count="0" type="cond" truecount="0" falsecount="2"/>
        <line num="11" count="0" type="stmt"/>
        <line num="13" count="5" type="cond" truecount="4" falsecount="1"/>
        <line num="14" count="0" type="stmt"/>
        <line num="16" count="0" type="stmt"/>
        <line num="18" count="5" type="cond" truecount="3" falsecount="0"/>
        <line num="19" count="5" type="stmt"/>
        <line num="20" count="0" type="cond" truecount="0" falsecount="2"/>
        <line num="21" count="0" type="stmt"/>
        <line num="22" count="0" type="cond" truecount="0" falsecount="2"/>
        <line num="23" count="0" type="stmt"/>
        <line num="25" count="0" type="stmt"/>
        <line num="27" count="5" type="stmt"/>
        <line num="28" count="5" type="cond" truecount="3" falsecount="1"/>
        <line num="29" count="0" type="stmt"/>
        <line num="30" count="0" type="cond" truecount="0" falsecount="4"/>
        <line num="31" count="0" type="stmt"/>
        <line num="32" count="0" type="stmt"/>
        <line num="35" count="5" type="stmt"/>
        <line num="36" count="5" type="stmt"/>
        <line num="37" count="5" type="stmt"/>
        <line num="38" count="5" type="stmt"/>
        <line num="39" count="1" type="stmt"/>
        <line num="40" count="1" type="stmt"/>
        <line num="42" count="5" type="stmt"/>
      </file>
    </package>
    <package name="dist.api.v1.repositories">
      <metrics statements="75" coveredstatements="68" conditionals="16" coveredconditionals="9" methods="27" coveredmethods="27"/>
      <file name="authors.repository.js" path="C:\Users\Ranjot Singh\Documents\rrc-polytech\semester-3\Back End Development\capstone project\dist\api\v1\repositories\authors.repository.js">
        <metrics statements="20" coveredstatements="18" conditionals="4" coveredconditionals="2" methods="8" coveredmethods="8"/>
        <line num="2" count="5" type="stmt"/>
        <line num="3" count="5" type="stmt"/>
        <line num="4" count="5" type="stmt"/>
        <line num="5" count="5" type="stmt"/>
        <line num="6" count="5" type="stmt"/>
        <line num="7" count="1" type="stmt"/>
        <line num="8" count="1" type="stmt"/>
        <line num="10" count="1" type="stmt"/>
        <line num="11" count="1" type="stmt"/>
        <line num="12" count="1" type="stmt"/>
        <line num="13" count="1" type="stmt"/>
        <line num="16" count="1" type="stmt"/>
        <line num="17" count="1" type="cond" truecount="1" falsecount="1"/>
        <line num="18" count="0" type="stmt"/>
        <line num="19" count="1" type="stmt"/>
        <line num="20" count="1" type="stmt"/>
        <line num="23" count="1" type="stmt"/>
        <line num="24" count="1" type="cond" truecount="1" falsecount="1"/>
        <line num="25" count="0" type="stmt"/>
        <line num="26" count="1" type="stmt"/>
      </file>
      <file name="books.repository.js" path="C:\Users\Ranjot Singh\Documents\rrc-polytech\semester-3\Back End Development\capstone project\dist\api\v1\repositories\books.repository.js">
        <metrics statements="20" coveredstatements="18" conditionals="4" coveredconditionals="2" methods="8" coveredmethods="8"/>
        <line num="2" count="5" type="stmt"/>
        <line num="3" count="5" type="stmt"/>
        <line num="4" count="5" type="stmt"/>
        <line num="5" count="5" type="stmt"/>
        <line num="6" count="5" type="stmt"/>
        <line num="7" count="1" type="stmt"/>
        <line num="8" count="1" type="stmt"/>
        <line num="10" count="1" type="stmt"/>
        <line num="11" count="1" type="stmt"/>
        <line num="12" count="1" type="stmt"/>
        <line num="13" count="1" type="stmt"/>
        <line num="16" count="1" type="stmt"/>
        <line num="17" count="1" type="cond" truecount="1" falsecount="1"/>
        <line num="18" count="0" type="stmt"/>
        <line num="19" count="1" type="stmt"/>
        <line num="20" count="1" type="stmt"/>
        <line num="23" count="1" type="stmt"/>
        <line num="24" count="1" type="cond" truecount="1" falsecount="1"/>
        <line num="25" count="0" type="stmt"/>
        <line num="26" count="1" type="stmt"/>
      </file>
      <file name="loans.repository.js" path="C:\Users\Ranjot Singh\Documents\rrc-polytech\semester-3\Back End Development\capstone project\dist\api\v1\repositories\loans.repository.js">
        <metrics statements="15" coveredstatements="14" conditionals="4" coveredconditionals="3" methods="3" coveredmethods="3"/>
        <line num="2" count="5" type="stmt"/>
        <line num="3" count="5" type="stmt"/>
        <line num="4" count="5" type="stmt"/>
        <line num="5" count="5" type="stmt"/>
        <line num="6" count="1" type="stmt"/>
        <line num="7" count="1" type="stmt"/>
        <line num="8" count="1" type="stmt"/>
        <line num="10" count="5" type="stmt"/>
        <line num="11" count="5" type="stmt"/>
        <line num="12" count="1" type="cond" truecount="2" falsecount="0"/>
        <line num="13" count="1" type="cond" truecount="1" falsecount="1"/>
        <line num="14" count="1" type="stmt"/>
        <line num="15" count="1" type="stmt"/>
        <line num="17" count="0" type="stmt"/>
        <line num="19" count="5" type="stmt"/>
      </file>
      <file name="members.repository.js" path="C:\Users\Ranjot Singh\Documents\rrc-polytech\semester-3\Back End Development\capstone project\dist\api\v1\repositories\members.repository.js">
        <metrics statements="20" coveredstatements="18" conditionals="4" coveredconditionals="2" methods="8" coveredmethods="8"/>
        <line num="2" count="5" type="stmt"/>
        <line num="3" count="5" type="stmt"/>
        <line num="4" count="5" type="stmt"/>
        <line num="5" count="5" type="stmt"/>
        <line num="6" count="5" type="stmt"/>
        <line num="7" count="1" type="stmt"/>
        <line num="8" count="1" type="stmt"/>
        <line num="10" count="1" type="stmt"/>
        <line num="11" count="1" type="stmt"/>
        <line num="12" count="1" type="stmt"/>
        <line num="13" count="1" type="stmt"/>
        <line num="16" count="1" type="stmt"/>
        <line num="17" count="1" type="cond" truecount="1" falsecount="1"/>
        <line num="18" count="0" type="stmt"/>
        <line num="19" count="1" type="stmt"/>
        <line num="20" count="1" type="stmt"/>
        <line num="23" count="1" type="stmt"/>
        <line num="24" count="1" type="cond" truecount="1" falsecount="1"/>
        <line num="25" count="0" type="stmt"/>
        <line num="26" count="1" type="stmt"/>
      </file>
    </package>
    <package name="dist.api.v1.routes">
      <metrics statements="43" coveredstatements="43" conditionals="0" coveredconditionals="0" methods="0" coveredmethods="0"/>
      <file name="authors.routes.js" path="C:\Users\Ranjot Singh\Documents\rrc-polytech\semester-3\Back End Development\capstone project\dist\api\v1\routes\authors.routes.js">
        <metrics statements="10" coveredstatements="10" conditionals="0" coveredconditionals="0" methods="0" coveredmethods="0"/>
        <line num="2" count="5" type="stmt"/>
        <line num="3" count="5" type="stmt"/>
        <line num="4" count="5" type="stmt"/>
        <line num="5" count="5" type="stmt"/>
        <line num="17" count="5" type="stmt"/>
        <line num="38" count="5" type="stmt"/>
        <line num="66" count="5" type="stmt"/>
        <line num="101" count="5" type="stmt"/>
        <line num="120" count="5" type="stmt"/>
        <line num="121" count="5" type="stmt"/>
      </file>
      <file name="books.routes.js" path="C:\Users\Ranjot Singh\Documents\rrc-polytech\semester-3\Back End Development\capstone project\dist\api\v1\routes\books.routes.js">
        <metrics statements="10" coveredstatements="10" conditionals="0" coveredconditionals="0" methods="0" coveredmethods="0"/>
        <line num="2" count="5" type="stmt"/>
        <line num="3" count="5" type="stmt"/>
        <line num="4" count="5" type="stmt"/>
        <line num="5" count="5" type="stmt"/>
        <line num="17" count="5" type="stmt"/>
        <line num="38" count="5" type="stmt"/>
        <line num="73" count="5" type="stmt"/>
        <line num="115" count="5" type="stmt"/>
        <line num="134" count="5" type="stmt"/>
        <line num="135" count="5" type="stmt"/>
      </file>
      <file name="loans.routes.js" path="C:\Users\Ranjot Singh\Documents\rrc-polytech\semester-3\Back End Development\capstone project\dist\api\v1\routes\loans.routes.js">
        <metrics statements="7" coveredstatements="7" conditionals="0" coveredconditionals="0" methods="0" coveredmethods="0"/>
        <line num="2" count="5" type="stmt"/>
        <line num="3" count="5" type="stmt"/>
        <line num="4" count="5" type="stmt"/>
        <line num="5" count="5" type="stmt"/>
        <line num="31" count="5" type="stmt"/>
        <line num="57" count="5" type="stmt"/>
        <line num="58" count="5" type="stmt"/>
      </file>
      <file name="members.routes.js" path="C:\Users\Ranjot Singh\Documents\rrc-polytech\semester-3\Back End Development\capstone project\dist\api\v1\routes\members.routes.js">
        <metrics statements="10" coveredstatements="10" conditionals="0" coveredconditionals="0" methods="0" coveredmethods="0"/>
        <line num="2" count="5" type="stmt"/>
        <line num="3" count="5" type="stmt"/>
        <line num="4" count="5" type="stmt"/>
        <line num="5" count="5" type="stmt"/>
        <line num="17" count="5" type="stmt"/>
        <line num="38" count="5" type="stmt"/>
        <line num="70" count="5" type="stmt"/>
        <line num="107" count="5" type="stmt"/>
        <line num="126" count="5" type="stmt"/>
        <line num="127" count="5" type="stmt"/>
      </file>
      <file name="notifications.routes.js" path="C:\Users\Ranjot Singh\Documents\rrc-polytech\semester-3\Back End Development\capstone project\dist\api\v1\routes\notifications.routes.js">
        <metrics statements="6" coveredstatements="6" conditionals="0" coveredconditionals="0" methods="0" coveredmethods="0"/>
        <line num="2" count="5" type="stmt"/>
        <line num="3" count="5" type="stmt"/>
        <line num="4" count="5" type="stmt"/>
        <line num="5" count="5" type="stmt"/>
        <line num="31" count="5" type="stmt"/>
        <line num="32" count="5" type="stmt"/>
      </file>
    </package>
    <package name="dist.api.v1.services">
      <metrics statements="65" coveredstatements="47" conditionals="37" coveredconditionals="14" methods="27" coveredmethods="20"/>
      <file name="authors.service.js" path="C:\Users\Ranjot Singh\Documents\rrc-polytech\semester-3\Back End Development\capstone project\dist\api\v1\services\authors.service.js">
        <metrics statements="9" coveredstatements="9" conditionals="0" coveredconditionals="0" methods="5" coveredmethods="5"/>
        <line num="2" count="5" type="stmt"/>
        <line num="3" count="5" type="stmt"/>
        <line num="4" count="5" type="stmt"/>
        <line num="5" count="5" type="stmt"/>
        <line num="6" count="1" type="stmt"/>
        <line num="7" count="1" type="stmt"/>
        <line num="8" count="1" type="stmt"/>
        <line num="9" count="1" type="stmt"/>
        <line num="10" count="1" type="stmt"/>
      </file>
      <file name="books.service.js" path="C:\Users\Ranjot Singh\Documents\rrc-polytech\semester-3\Back End Development\capstone project\dist\api\v1\services\books.service.js">
        <metrics statements="9" coveredstatements="9" conditionals="0" coveredconditionals="0" methods="5" coveredmethods="5"/>
        <line num="2" count="5" type="stmt"/>
        <line num="3" count="5" type="stmt"/>
        <line num="4" count="5" type="stmt"/>
        <line num="5" count="5" type="stmt"/>
        <line num="6" count="1" type="stmt"/>
        <line num="7" count="1" type="stmt"/>
        <line num="8" count="1" type="stmt"/>
        <line num="9" count="1" type="stmt"/>
        <line num="10" count="1" type="stmt"/>
      </file>
      <file name="loans.services.js" path="C:\Users\Ranjot Singh\Documents\rrc-polytech\semester-3\Back End Development\capstone project\dist\api\v1\services\loans.services.js">
        <metrics statements="33" coveredstatements="15" conditionals="37" coveredconditionals="14" methods="11" coveredmethods="4"/>
        <line num="2" count="5" type="cond" truecount="4" falsecount="1"/>
        <line num="3" count="0" type="cond" truecount="0" falsecount="2"/>
        <line num="4" count="0" type="stmt"/>
        <line num="5" count="0" type="cond" truecount="0" falsecount="8"/>
        <line num="6" count="0" type="stmt"/>
        <line num="8" count="0" type="stmt"/>
        <line num="10" count="0" type="cond" truecount="0" falsecount="2"/>
        <line num="11" count="0" type="stmt"/>
        <line num="13" count="5" type="cond" truecount="4" falsecount="1"/>
        <line num="14" count="0" type="stmt"/>
        <line num="16" count="0" type="stmt"/>
        <line num="18" count="5" type="cond" truecount="3" falsecount="0"/>
        <line num="19" count="5" type="stmt"/>
        <line num="20" count="0" type="cond" truecount="0" falsecount="2"/>
        <line num="21" count="0" type="stmt"/>
        <line num="22" count="0" type="cond" truecount="0" falsecount="2"/>
        <line num="23" count="0" type="stmt"/>
        <line num="25" count="0" type="stmt"/>
        <line num="27" count="5" type="stmt"/>
        <line num="28" count="5" type="cond" truecount="3" falsecount="1"/>
        <line num="29" count="0" type="stmt"/>
        <line num="30" count="0" type="cond" truecount="0" falsecount="4"/>
        <line num="31" count="0" type="stmt"/>
        <line num="32" count="0" type="stmt"/>
        <line num="35" count="5" type="stmt"/>
        <line num="36" count="5" type="stmt"/>
        <line num="37" count="5" type="stmt"/>
        <line num="38" count="5" type="stmt"/>
        <line num="40" count="1" type="stmt"/>
        <line num="42" count="5" type="stmt"/>
        <line num="43" count="5" type="stmt"/>
        <line num="44" count="1" type="stmt"/>
        <line num="46" count="5" type="stmt"/>
      </file>
      <file name="members.service.js" path="C:\Users\Ranjot Singh\Documents\rrc-polytech\semester-3\Back End Development\capstone project\dist\api\v1\services\members.service.js">
        <metrics statements="9" coveredstatements="9" conditionals="0" coveredconditionals="0" methods="5" coveredmethods="5"/>
        <line num="2" count="5" type="stmt"/>
        <line num="3" count="5" type="stmt"/>
        <line num="4" count="5" type="stmt"/>
        <line num="5" count="5" type="stmt"/>
        <line num="6" count="1" type="stmt"/>
        <line num="7" count="1" type="stmt"/>
        <line num="8" count="1" type="stmt"/>
        <line num="9" count="1" type="stmt"/>
        <line num="10" count="1" type="stmt"/>
      </file>
      <file name="notification.services.js" path="C:\Users\Ranjot Singh\Documents\rrc-polytech\semester-3\Back End Development\capstone project\dist\api\v1\services\notification.services.js">
        <metrics statements="5" coveredstatements="5" conditionals="0" coveredconditionals="0" methods="1" coveredmethods="1"/>
        <line num="2" count="5" type="stmt"/>
        <line num="3" count="5" type="stmt"/>
        <line num="4" count="5" type="stmt"/>
        <line num="6" count="1" type="stmt"/>
        <line num="8" count="5" type="stmt"/>
      </file>
    </package>
    <package name="dist.config">
      <metrics statements="18" coveredstatements="18" conditionals="14" coveredconditionals="12" methods="4" coveredmethods="4"/>
      <file name="swagger.js" path="C:\Users\Ranjot Singh\Documents\rrc-polytech\semester-3\Back End Development\capstone project\dist\config\swagger.js">
        <metrics statements="9" coveredstatements="9" conditionals="7" coveredconditionals="6" methods="2" coveredmethods="2"/>
        <line num="2" count="5" type="cond" truecount="3" falsecount="0"/>
        <line num="3" count="5" type="cond" truecount="3" falsecount="1"/>
        <line num="5" count="5" type="stmt"/>
        <line num="6" count="5" type="stmt"/>
        <line num="7" count="5" type="stmt"/>
        <line num="8" count="5" type="stmt"/>
        <line num="9" count="5" type="stmt"/>
        <line num="10" count="5" type="stmt"/>
        <line num="12" count="5" type="stmt"/>
      </file>
      <file name="swaggerOptions.js" path="C:\Users\Ranjot Singh\Documents\rrc-polytech\semester-3\Back End Development\capstone project\dist\config\swaggerOptions.js">
        <metrics statements="9" coveredstatements="9" conditionals="7" coveredconditionals="6" methods="2" coveredmethods="2"/>
        <line num="2" count="5" type="cond" truecount="3" falsecount="0"/>
        <line num="3" count="5" type="cond" truecount="3" falsecount="1"/>
        <line num="5" count="5" type="stmt"/>
        <line num="6" count="5" type="stmt"/>
        <line num="7" count="5" type="stmt"/>
        <line num="8" count="5" type="stmt"/>
        <line num="40" count="5" type="stmt"/>
        <line num="41" count="5" type="stmt"/>
        <line num="43" count="5" type="stmt"/>
      </file>
    </package>
    <package name="src">
      <metrics statements="18" coveredstatements="17" conditionals="0" coveredconditionals="0" methods="1" coveredmethods="0"/>
      <file name="app.ts" path="C:\Users\Ranjot Singh\Documents\rrc-polytech\semester-3\Back End Development\capstone project\src\app.ts">
        <metrics statements="18" coveredstatements="17" conditionals="0" coveredconditionals="0" methods="1" coveredmethods="0"/>
        <line num="1" count="5" type="stmt"/>
        <line num="2" count="5" type="stmt"/>
        <line num="3" count="5" type="stmt"/>
        <line num="4" count="5" type="stmt"/>
        <line num="5" count="5" type="stmt"/>
        <line num="6" count="5" type="stmt"/>
        <line num="7" count="5" type="stmt"/>
        <line num="10" count="5" type="stmt"/>
        <line num="13" count="5" type="stmt"/>
        <line num="16" count="5" type="stmt"/>
        <line num="17" count="5" type="stmt"/>
        <line num="18" count="5" type="stmt"/>
        <line num="19" count="5" type="stmt"/>
        <line num="20" count="5" type="stmt"/>
        <line num="21" count="5" type="stmt"/>
        <line num="26" count="5" type="stmt"/>
        <line num="27" count="0" type="stmt"/>
        <line num="30" count="5" type="stmt"/>
      </file>
    </package>
    <package name="src.api.v1.controllers">
      <metrics statements="60" coveredstatements="60" conditionals="12" coveredconditionals="6" methods="18" coveredmethods="18"/>
      <file name="authors.controller.ts" path="C:\Users\Ranjot Singh\Documents\rrc-polytech\semester-3\Back End Development\capstone project\src\api\v1\controllers\authors.controller.ts">
        <metrics statements="16" coveredstatements="16" conditionals="4" coveredconditionals="2" methods="5" coveredmethods="5"/>
        <line num="2" count="5" type="stmt"/>
        <line num="4" count="5" type="stmt"/>
        <line num="5" count="1" type="stmt"/>
        <line num="8" count="1" type="stmt"/>
        <line num="9" count="1" type="stmt"/>
        <line num="10" count="1" type="cond" truecount="1" falsecount="1"/>
        <line num="11" count="1" type="stmt"/>
        <line num="15" count="1" type="stmt"/>
        <line num="16" count="1" type="stmt"/>
        <line num="20" count="1" type="stmt"/>
        <line num="21" count="1" type="stmt"/>
        <line num="22" count="1" type="stmt"/>
        <line num="26" count="1" type="stmt"/>
        <line num="27" count="1" type="stmt"/>
        <line num="28" count="1" type="cond" truecount="1" falsecount="1"/>
        <line num="29" count="1" type="stmt"/>
      </file>
      <file name="books.controller.ts" path="C:\Users\Ranjot Singh\Documents\rrc-polytech\semester-3\Back End Development\capstone project\src\api\v1\controllers\books.controller.ts">
        <metrics statements="17" coveredstatements="17" conditionals="4" coveredconditionals="2" methods="5" coveredmethods="5"/>
        <line num="2" count="5" type="stmt"/>
        <line num="4" count="5" type="stmt"/>
        <line num="6" count="1" type="stmt"/>
        <line num="7" count="1" type="stmt"/>
        <line num="11" count="1" type="stmt"/>
        <line num="12" count="1" type="stmt"/>
        <line num="13" count="1" type="cond" truecount="1" falsecount="1"/>
        <line num="14" count="1" type="stmt"/>
        <line num="18" count="1" type="stmt"/>
        <line num="19" count="1" type="stmt"/>
        <line num="23" count="1" type="stmt"/>
        <line num="24" count="1" type="stmt"/>
        <line num="25" count="1" type="stmt"/>
        <line num="29" count="1" type="stmt"/>
        <line num="30" count="1" type="stmt"/>
        <line num="31" count="1" type="cond" truecount="1" falsecount="1"/>
        <line num="32" count="1" type="stmt"/>
      </file>
      <file name="loans.controller.ts" path="C:\Users\Ranjot Singh\Documents\rrc-polytech\semester-3\Back End Development\capstone project\src\api\v1\controllers\loans.controller.ts">
        <metrics statements="7" coveredstatements="7" conditionals="0" coveredconditionals="0" methods="2" coveredmethods="2"/>
        <line num="2" count="5" type="stmt"/>
        <line num="4" count="5" type="stmt"/>
        <line num="5" count="1" type="stmt"/>
        <line num="6" count="1" type="stmt"/>
        <line num="9" count="5" type="stmt"/>
        <line num="10" count="1" type="stmt"/>
        <line num="11" count="1" type="stmt"/>
      </file>
      <file name="members.controller.ts" path="C:\Users\Ranjot Singh\Documents\rrc-polytech\semester-3\Back End Development\capstone project\src\api\v1\controllers\members.controller.ts">
        <metrics statements="16" coveredstatements="16" conditionals="4" coveredconditionals="2" methods="5" coveredmethods="5"/>
        <line num="2" count="5" type="stmt"/>
        <line num="4" count="5" type="stmt"/>
        <line num="5" count="1" type="stmt"/>
        <line num="8" count="1" type="stmt"/>
        <line num="9" count="1" type="stmt"/>
        <line num="10" count="1" type="cond" truecount="1" falsecount="1"/>
        <line num="11" count="1" type="stmt"/>
        <line num="15" count="1" type="stmt"/>
        <line num="16" count="1" type="stmt"/>
        <line num="20" count="1" type="stmt"/>
        <line num="21" count="1" type="stmt"/>
        <line num="22" count="1" type="stmt"/>
        <line num="26" count="1" type="stmt"/>
        <line num="27" count="1" type="stmt"/>
        <line num="28" count="1" type="cond" truecount="1" falsecount="1"/>
        <line num="29" count="1" type="stmt"/>
      </file>
      <file name="notifications.controller.ts" path="C:\Users\Ranjot Singh\Documents\rrc-polytech\semester-3\Back End Development\capstone project\src\api\v1\controllers\notifications.controller.ts">
        <metrics statements="4" coveredstatements="4" conditionals="0" coveredconditionals="0" methods="1" coveredmethods="1"/>
        <line num="2" count="5" type="stmt"/>
        <line num="4" count="5" type="stmt"/>
        <line num="5" count="1" type="stmt"/>
        <line num="6" count="1" type="stmt"/>
      </file>
    </package>
    <package name="src.api.v1.repositories">
      <metrics statements="60" coveredstatements="59" conditionals="16" coveredconditionals="9" methods="27" coveredmethods="27"/>
      <file name="authors.repository.ts" path="C:\Users\Ranjot Singh\Documents\rrc-polytech\semester-3\Back End Development\capstone project\src\api\v1\repositories\authors.repository.ts">
        <metrics statements="16" coveredstatements="16" conditionals="4" coveredconditionals="2" methods="8" coveredmethods="8"/>
        <line num="10" count="5" type="stmt"/>
        <line num="11" count="5" type="stmt"/>
        <line num="13" count="5" type="stmt"/>
        <line num="14" count="1" type="stmt"/>
        <line num="15" count="1" type="stmt"/>
        <line num="17" count="1" type="stmt"/>
        <line num="18" count="1" type="stmt"/>
        <line num="19" count="1" type="stmt"/>
        <line num="20" count="1" type="stmt"/>
        <line num="23" count="1" type="stmt"/>
        <line num="24" count="1" type="cond" truecount="1" falsecount="1"/>
        <line num="25" count="1" type="stmt"/>
        <line num="26" count="1" type="stmt"/>
        <line num="29" count="1" type="stmt"/>
        <line num="30" count="1" type="cond" truecount="1" falsecount="1"/>
        <line num="31" count="1" type="stmt"/>
      </file>
      <file name="books.repository.ts" path="C:\Users\Ranjot Singh\Documents\rrc-polytech\semester-3\Back End Development\capstone project\src\api\v1\repositories\books.repository.ts">
        <metrics statements="16" coveredstatements="16" conditionals="4" coveredconditionals="2" methods="8" coveredmethods="8"/>
        <line num="13" count="5" type="stmt"/>
        <line num="14" count="5" type="stmt"/>
        <line num="16" count="5" type="stmt"/>
        <line num="17" count="1" type="stmt"/>
        <line num="18" count="1" type="stmt"/>
        <line num="20" count="1" type="stmt"/>
        <line num="21" count="1" type="stmt"/>
        <line num="22" count="1" type="stmt"/>
        <line num="23" count="1" type="stmt"/>
        <line num="26" count="1" type="stmt"/>
        <line num="27" count="1" type="cond" truecount="1" falsecount="1"/>
        <line num="28" count="1" type="stmt"/>
        <line num="29" count="1" type="stmt"/>
        <line num="32" count="1" type="stmt"/>
        <line num="33" count="1" type="cond" truecount="1" falsecount="1"/>
        <line num="34" count="1" type="stmt"/>
      </file>
      <file name="loans.repository.ts" path="C:\Users\Ranjot Singh\Documents\rrc-polytech\semester-3\Back End Development\capstone project\src\api\v1\repositories\loans.repository.ts">
        <metrics statements="12" coveredstatements="11" conditionals="4" coveredconditionals="3" methods="3" coveredmethods="3"/>
        <line num="1" count="5" type="stmt"/>
        <line num="3" count="5" type="stmt"/>
        <line num="4" count="1" type="stmt"/>
        <line num="5" count="1" type="stmt"/>
        <line num="6" count="1" type="stmt"/>
        <line num="9" count="5" type="stmt"/>
        <line num="10" count="1" type="stmt"/>
        <line num="11" count="1" type="cond" truecount="2" falsecount="0"/>
        <line num="13" count="1" type="cond" truecount="1" falsecount="1"/>
        <line num="14" count="1" type="stmt"/>
        <line num="15" count="1" type="stmt"/>
        <line num="17" count="0" type="stmt"/>
      </file>
      <file name="members.repository.ts" path="C:\Users\Ranjot Singh\Documents\rrc-polytech\semester-3\Back End Development\capstone project\src\api\v1\repositories\members.repository.ts">
        <metrics statements="16" coveredstatements="16" conditionals="4" coveredconditionals="2" methods="8" coveredmethods="8"/>
        <line num="10" count="5" type="stmt"/>
        <line num="11" count="5" type="stmt"/>
        <line num="13" count="5" type="stmt"/>
        <line num="14" count="1" type="stmt"/>
        <line num="15" count="1" type="stmt"/>
        <line num="17" count="1" type="stmt"/>
        <line num="18" count="1" type="stmt"/>
        <line num="19" count="1" type="stmt"/>
        <line num="20" count="1" type="stmt"/>
        <line num="23" count="1" type="stmt"/>
        <line num="24" count="1" type="cond" truecount="1" falsecount="1"/>
        <line num="25" count="1" type="stmt"/>
        <line num="26" count="1" type="stmt"/>
        <line num="29" count="1" type="stmt"/>
        <line num="30" count="1" type="cond" truecount="1" falsecount="1"/>
        <line num="31" count="1" type="stmt"/>
      </file>
    </package>
    <package name="src.api.v1.routes">
      <metrics statements="38" coveredstatements="38" conditionals="0" coveredconditionals="0" methods="0" coveredmethods="0"/>
      <file name="authors.routes.ts" path="C:\Users\Ranjot Singh\Documents\rrc-polytech\semester-3\Back End Development\capstone project\src\api\v1\routes\authors.routes.ts">
        <metrics statements="9" coveredstatements="9" conditionals="0" coveredconditionals="0" methods="0" coveredmethods="0"/>
        <line num="1" count="5" type="stmt"/>
        <line num="2" count="5" type="stmt"/>
        <line num="4" count="5" type="stmt"/>
        <line num="17" count="5" type="stmt"/>
        <line num="39" count="5" type="stmt"/>
        <line num="68" count="5" type="stmt"/>
        <line num="104" count="5" type="stmt"/>
        <line num="124" count="5" type="stmt"/>
        <line num="126" count="5" type="stmt"/>
      </file>
      <file name="books.routes.ts" path="C:\Users\Ranjot Singh\Documents\rrc-polytech\semester-3\Back End Development\capstone project\src\api\v1\routes\books.routes.ts">
        <metrics statements="9" coveredstatements="9" conditionals="0" coveredconditionals="0" methods="0" coveredmethods="0"/>
        <line num="1" count="5" type="stmt"/>
        <line num="2" count="5" type="stmt"/>
        <line num="4" count="5" type="stmt"/>
        <line num="17" count="5" type="stmt"/>
        <line num="39" count="5" type="stmt"/>
        <line num="75" count="5" type="stmt"/>
        <line num="118" count="5" type="stmt"/>
        <line num="138" count="5" type="stmt"/>
        <line num="140" count="5" type="stmt"/>
      </file>
      <file name="loans.routes.ts" path="C:\Users\Ranjot Singh\Documents\rrc-polytech\semester-3\Back End Development\capstone project\src\api\v1\routes\loans.routes.ts">
        <metrics statements="6" coveredstatements="6" conditionals="0" coveredconditionals="0" methods="0" coveredmethods="0"/>
        <line num="1" count="5" type="stmt"/>
        <line num="2" count="5" type="stmt"/>
        <line num="4" count="5" type="stmt"/>
        <line num="31" count="5" type="stmt"/>
        <line num="58" count="5" type="stmt"/>
        <line num="60" count="5" type="stmt"/>
      </file>
      <file name="members.routes.ts" path="C:\Users\Ranjot Singh\Documents\rrc-polytech\semester-3\Back End Development\capstone project\src\api\v1\routes\members.routes.ts">
        <metrics statements="9" coveredstatements="9" conditionals="0" coveredconditionals="0" methods="0" coveredmethods="0"/>
        <line num="1" count="5" type="stmt"/>
        <line num="2" count="5" type="stmt"/>
        <line num="4" count="5" type="stmt"/>
        <line num="17" count="5" type="stmt"/>
        <line num="39" count="5" type="stmt"/>
        <line num="72" count="5" type="stmt"/>
        <line num="110" count="5" type="stmt"/>
        <line num="130" count="5" type="stmt"/>
        <line num="132" count="5" type="stmt"/>
      </file>
      <file name="notifications.routes.ts" path="C:\Users\Ranjot Singh\Documents\rrc-polytech\semester-3\Back End Development\capstone project\src\api\v1\routes\notifications.routes.ts">
        <metrics statements="5" coveredstatements="5" conditionals="0" coveredconditionals="0" methods="0" coveredmethods="0"/>
        <line num="1" count="5" type="stmt"/>
        <line num="2" count="5" type="stmt"/>
        <line num="4" count="5" type="stmt"/>
        <line num="31" count="5" type="stmt"/>
        <line num="33" count="5" type="stmt"/>
      </file>
    </package>
    <package name="src.api.v1.services">
      <metrics statements="28" coveredstatements="28" conditionals="0" coveredconditionals="0" methods="18" coveredmethods="18"/>
      <file name="authors.service.ts" path="C:\Users\Ranjot Singh\Documents\rrc-polytech\semester-3\Back End Development\capstone project\src\api\v1\services\authors.service.ts">
        <metrics statements="7" coveredstatements="7" conditionals="0" coveredconditionals="0" methods="5" coveredmethods="5"/>
        <line num="1" count="5" type="stmt"/>
        <line num="3" count="5" type="stmt"/>
        <line num="4" count="1" type="stmt"/>
        <line num="5" count="1" type="stmt"/>
        <line num="6" count="1" type="stmt"/>
        <line num="7" count="1" type="stmt"/>
        <line num="8" count="1" type="stmt"/>
      </file>
      <file name="books.service.ts" path="C:\Users\Ranjot Singh\Documents\rrc-polytech\semester-3\Back End Development\capstone project\src\api\v1\services\books.service.ts">
        <metrics statements="7" coveredstatements="7" conditionals="0" coveredconditionals="0" methods="5" coveredmethods="5"/>
        <line num="1" count="5" type="stmt"/>
        <line num="3" count="5" type="stmt"/>
        <line num="4" count="1" type="stmt"/>
        <line num="5" count="1" type="stmt"/>
        <line num="6" count="1" type="stmt"/>
        <line num="7" count="1" type="stmt"/>
        <line num="8" count="1" type="stmt"/>
      </file>
      <file name="loans.services.ts" path="C:\Users\Ranjot Singh\Documents\rrc-polytech\semester-3\Back End Development\capstone project\src\api\v1\services\loans.services.ts">
        <metrics statements="5" coveredstatements="5" conditionals="0" coveredconditionals="0" methods="2" coveredmethods="2"/>
        <line num="1" count="5" type="stmt"/>
        <line num="3" count="5" type="stmt"/>
        <line num="5" count="1" type="stmt"/>
        <line num="8" count="5" type="stmt"/>
        <line num="9" count="1" type="stmt"/>
      </file>
      <file name="members.service.ts" path="C:\Users\Ranjot Singh\Documents\rrc-polytech\semester-3\Back End Development\capstone project\src\api\v1\services\members.service.ts">
        <metrics statements="7" coveredstatements="7" conditionals="0" coveredconditionals="0" methods="5" coveredmethods="5"/>
        <line num="1" count="5" type="stmt"/>
        <line num="3" count="5" type="stmt"/>
        <line num="4" count="1" type="stmt"/>
        <line num="5" count="1" type="stmt"/>
        <line num="6" count="1" type="stmt"/>
        <line num="7" count="1" type="stmt"/>
        <line num="8" count="1" type="stmt"/>
      </file>
      <file name="notification.services.ts" path="C:\Users\Ranjot Singh\Documents\rrc-polytech\semester-3\Back End Development\capstone project\src\api\v1\services\notification.services.ts">
        <metrics statements="2" coveredstatements="2" conditionals="0" coveredconditionals="0" methods="1" coveredmethods="1"/>
        <line num="1" count="5" type="stmt"/>
        <line num="3" count="1" type="stmt"/>
      </file>
    </package>
    <package name="src.config">
      <metrics statements="10" coveredstatements="10" conditionals="0" coveredconditionals="0" methods="2" coveredmethods="2"/>
      <file name="swagger.ts" path="C:\Users\Ranjot Singh\Documents\rrc-polytech\semester-3\Back End Development\capstone project\src\config\swagger.ts">
        <metrics statements="6" coveredstatements="6" conditionals="0" coveredconditionals="0" methods="1" coveredmethods="1"/>
        <line num="1" count="5" type="stmt"/>
        <line num="3" count="5" type="stmt"/>
        <line num="5" count="5" type="stmt"/>
        <line num="6" count="5" type="stmt"/>
        <line num="7" count="5" type="stmt"/>
        <line num="10" count="5" type="stmt"/>
      </file>
      <file name="swaggerOptions.ts" path="C:\Users\Ranjot Singh\Documents\rrc-polytech\semester-3\Back End Development\capstone project\src\config\swaggerOptions.ts">
        <metrics statements="4" coveredstatements="4" conditionals="0" coveredconditionals="0" methods="1" coveredmethods="1"/>
        <line num="1" count="5" type="stmt"/>
        <line num="3" count="5" type="stmt"/>
        <line num="37" count="5" type="stmt"/>
        <line num="38" count="5" type="stmt"/>
      </file>
    </package>
  </project>
</coverage>
