{"C:\\Users\\Ranjot Singh\\Documents\\rrc-polytech\\semester-3\\Back End Development\\capstone project\\dist\\app.js": {"path":"C:\\Users\\Ranjot Singh\\Documents\\rrc-polytech\\semester-3\\Back End Development\\capstone project\\dist\\app.js","statementMap":{"0":{"start":{"line":2,"column":22},"end":{"line":4,"column":1}},"1":{"start":{"line":3,"column":4},"end":{"line":3,"column":62}},"2":{"start":{"line":5,"column":0},"end":{"line":5,"column":62}},"3":{"start":{"line":6,"column":18},"end":{"line":6,"column":53}},"4":{"start":{"line":7,"column":23},"end":{"line":7,"column":79}},"5":{"start":{"line":8,"column":25},"end":{"line":8,"column":83}},"6":{"start":{"line":9,"column":25},"end":{"line":9,"column":83}},"7":{"start":{"line":10,"column":18},"end":{"line":10,"column":62}},"8":{"start":{"line":11,"column":23},"end":{"line":11,"column":79}},"9":{"start":{"line":12,"column":31},"end":{"line":12,"column":95}},"10":{"start":{"line":13,"column":12},"end":{"line":13,"column":36}},"11":{"start":{"line":15,"column":0},"end":{"line":15,"column":34}},"12":{"start":{"line":17,"column":0},"end":{"line":17,"column":49}},"13":{"start":{"line":18,"column":0},"end":{"line":18,"column":65}},"14":{"start":{"line":19,"column":0},"end":{"line":19,"column":49}},"15":{"start":{"line":20,"column":0},"end":{"line":20,"column":53}},"16":{"start":{"line":21,"column":0},"end":{"line":21,"column":53}},"17":{"start":{"line":22,"column":0},"end":{"line":22,"column":28}},"18":{"start":{"line":24,"column":0},"end":{"line":26,"column":3}},"19":{"start":{"line":25,"column":4},"end":{"line":25,"column":32}},"20":{"start":{"line":27,"column":0},"end":{"line":27,"column":22}}},"fnMap":{"0":{"name":"(anonymous_0)","decl":{"start":{"line":2,"column":56},"end":{"line":2,"column":57}},"loc":{"start":{"line":2,"column":71},"end":{"line":4,"column":1}},"line":2},"1":{"name":"(anonymous_1)","decl":{"start":{"line":24,"column":13},"end":{"line":24,"column":14}},"loc":{"start":{"line":24,"column":27},"end":{"line":26,"column":1}},"line":24}},"branchMap":{"0":{"loc":{"start":{"line":2,"column":22},"end":{"line":4,"column":1}},"type":"binary-expr","locations":[{"start":{"line":2,"column":23},"end":{"line":2,"column":27}},{"start":{"line":2,"column":31},"end":{"line":2,"column":51}},{"start":{"line":2,"column":56},"end":{"line":4,"column":1}}],"line":2},"1":{"loc":{"start":{"line":3,"column":11},"end":{"line":3,"column":61}},"type":"cond-expr","locations":[{"start":{"line":3,"column":37},"end":{"line":3,"column":40}},{"start":{"line":3,"column":43},"end":{"line":3,"column":61}}],"line":3},"2":{"loc":{"start":{"line":3,"column":12},"end":{"line":3,"column":33}},"type":"binary-expr","locations":[{"start":{"line":3,"column":12},"end":{"line":3,"column":15}},{"start":{"line":3,"column":19},"end":{"line":3,"column":33}}],"line":3}},"s":{"0":5,"1":35,"2":5,"3":5,"4":5,"5":5,"6":5,"7":5,"8":5,"9":5,"10":5,"11":5,"12":5,"13":5,"14":5,"15":5,"16":5,"17":5,"18":5,"19":0,"20":5},"f":{"0":35,"1":0},"b":{"0":[5,5,5],"1":[30,5],"2":[35,35]},"inputSourceMap":null,"_coverageSchema":"1a1c01bbd47fc00a2c39e90264f33305004495a9","hash":"e07014f443eaa65052bac75edf119312a7888826"}
,"C:\\Users\\Ranjot Singh\\Documents\\rrc-polytech\\semester-3\\Back End Development\\capstone project\\dist\\api\\v1\\controllers\\authors.controller.js": {"path":"C:\\Users\\Ranjot Singh\\Documents\\rrc-polytech\\semester-3\\Back End Development\\capstone project\\dist\\api\\v1\\controllers\\authors.controller.js","statementMap":{"0":{"start":{"line":2,"column":0},"end":{"line":2,"column":62}},"1":{"start":{"line":3,"column":0},"end":{"line":3,"column":35}},"2":{"start":{"line":4,"column":26},"end":{"line":4,"column":64}},"3":{"start":{"line":5,"column":0},"end":{"line":30,"column":2}},"4":{"start":{"line":6,"column":26},"end":{"line":6,"column":77}},"5":{"start":{"line":8,"column":19},"end":{"line":8,"column":32}},"6":{"start":{"line":9,"column":23},"end":{"line":9,"column":67}},"7":{"start":{"line":10,"column":8},"end":{"line":11,"column":73}},"8":{"start":{"line":11,"column":12},"end":{"line":11,"column":73}},"9":{"start":{"line":12,"column":8},"end":{"line":12,"column":25}},"10":{"start":{"line":15,"column":23},"end":{"line":15,"column":72}},"11":{"start":{"line":16,"column":8},"end":{"line":16,"column":37}},"12":{"start":{"line":19,"column":19},"end":{"line":19,"column":32}},"13":{"start":{"line":20,"column":30},"end":{"line":20,"column":83}},"14":{"start":{"line":21,"column":8},"end":{"line":21,"column":32}},"15":{"start":{"line":24,"column":19},"end":{"line":24,"column":32}},"16":{"start":{"line":25,"column":30},"end":{"line":25,"column":73}},"17":{"start":{"line":26,"column":8},"end":{"line":27,"column":73}},"18":{"start":{"line":27,"column":12},"end":{"line":27,"column":73}},"19":{"start":{"line":28,"column":8},"end":{"line":28,"column":61}}},"fnMap":{"0":{"name":"(anonymous_0)","decl":{"start":{"line":6,"column":12},"end":{"line":6,"column":13}},"loc":{"start":{"line":6,"column":26},"end":{"line":6,"column":77}},"line":6},"1":{"name":"(anonymous_1)","decl":{"start":{"line":7,"column":13},"end":{"line":7,"column":14}},"loc":{"start":{"line":7,"column":27},"end":{"line":13,"column":5}},"line":7},"2":{"name":"(anonymous_2)","decl":{"start":{"line":14,"column":12},"end":{"line":14,"column":13}},"loc":{"start":{"line":14,"column":26},"end":{"line":17,"column":5}},"line":14},"3":{"name":"(anonymous_3)","decl":{"start":{"line":18,"column":12},"end":{"line":18,"column":13}},"loc":{"start":{"line":18,"column":26},"end":{"line":22,"column":5}},"line":18},"4":{"name":"(anonymous_4)","decl":{"start":{"line":23,"column":12},"end":{"line":23,"column":13}},"loc":{"start":{"line":23,"column":26},"end":{"line":29,"column":5}},"line":23}},"branchMap":{"0":{"loc":{"start":{"line":10,"column":8},"end":{"line":11,"column":73}},"type":"if","locations":[{"start":{"line":10,"column":8},"end":{"line":11,"column":73}},{"start":{},"end":{}}],"line":10},"1":{"loc":{"start":{"line":26,"column":8},"end":{"line":27,"column":73}},"type":"if","locations":[{"start":{"line":26,"column":8},"end":{"line":27,"column":73}},{"start":{},"end":{}}],"line":26}},"s":{"0":5,"1":5,"2":5,"3":5,"4":1,"5":1,"6":1,"7":1,"8":0,"9":1,"10":1,"11":1,"12":1,"13":1,"14":1,"15":1,"16":1,"17":1,"18":0,"19":1},"f":{"0":1,"1":1,"2":1,"3":1,"4":1},"b":{"0":[0,1],"1":[0,1]},"inputSourceMap":null,"_coverageSchema":"1a1c01bbd47fc00a2c39e90264f33305004495a9","hash":"0222301680a2717380c8dd0c1076aea44c04fc31"}
,"C:\\Users\\Ranjot Singh\\Documents\\rrc-polytech\\semester-3\\Back End Development\\capstone project\\dist\\api\\v1\\controllers\\books.controller.js": {"path":"C:\\Users\\Ranjot Singh\\Documents\\rrc-polytech\\semester-3\\Back End Development\\capstone project\\dist\\api\\v1\\controllers\\books.controller.js","statementMap":{"0":{"start":{"line":2,"column":0},"end":{"line":2,"column":62}},"1":{"start":{"line":3,"column":0},"end":{"line":3,"column":33}},"2":{"start":{"line":4,"column":24},"end":{"line":4,"column":60}},"3":{"start":{"line":5,"column":0},"end":{"line":33,"column":2}},"4":{"start":{"line":7,"column":22},"end":{"line":7,"column":59}},"5":{"start":{"line":8,"column":8},"end":{"line":8,"column":24}},"6":{"start":{"line":11,"column":19},"end":{"line":11,"column":32}},"7":{"start":{"line":12,"column":21},"end":{"line":12,"column":61}},"8":{"start":{"line":13,"column":8},"end":{"line":14,"column":71}},"9":{"start":{"line":14,"column":12},"end":{"line":14,"column":71}},"10":{"start":{"line":15,"column":8},"end":{"line":15,"column":23}},"11":{"start":{"line":18,"column":21},"end":{"line":18,"column":66}},"12":{"start":{"line":19,"column":8},"end":{"line":19,"column":35}},"13":{"start":{"line":22,"column":19},"end":{"line":22,"column":32}},"14":{"start":{"line":23,"column":28},"end":{"line":23,"column":77}},"15":{"start":{"line":24,"column":8},"end":{"line":24,"column":30}},"16":{"start":{"line":27,"column":19},"end":{"line":27,"column":32}},"17":{"start":{"line":28,"column":28},"end":{"line":28,"column":67}},"18":{"start":{"line":29,"column":8},"end":{"line":30,"column":71}},"19":{"start":{"line":30,"column":12},"end":{"line":30,"column":71}},"20":{"start":{"line":31,"column":8},"end":{"line":31,"column":59}}},"fnMap":{"0":{"name":"(anonymous_0)","decl":{"start":{"line":6,"column":12},"end":{"line":6,"column":13}},"loc":{"start":{"line":6,"column":26},"end":{"line":9,"column":5}},"line":6},"1":{"name":"(anonymous_1)","decl":{"start":{"line":10,"column":13},"end":{"line":10,"column":14}},"loc":{"start":{"line":10,"column":27},"end":{"line":16,"column":5}},"line":10},"2":{"name":"(anonymous_2)","decl":{"start":{"line":17,"column":12},"end":{"line":17,"column":13}},"loc":{"start":{"line":17,"column":26},"end":{"line":20,"column":5}},"line":17},"3":{"name":"(anonymous_3)","decl":{"start":{"line":21,"column":12},"end":{"line":21,"column":13}},"loc":{"start":{"line":21,"column":26},"end":{"line":25,"column":5}},"line":21},"4":{"name":"(anonymous_4)","decl":{"start":{"line":26,"column":12},"end":{"line":26,"column":13}},"loc":{"start":{"line":26,"column":26},"end":{"line":32,"column":5}},"line":26}},"branchMap":{"0":{"loc":{"start":{"line":13,"column":8},"end":{"line":14,"column":71}},"type":"if","locations":[{"start":{"line":13,"column":8},"end":{"line":14,"column":71}},{"start":{},"end":{}}],"line":13},"1":{"loc":{"start":{"line":29,"column":8},"end":{"line":30,"column":71}},"type":"if","locations":[{"start":{"line":29,"column":8},"end":{"line":30,"column":71}},{"start":{},"end":{}}],"line":29}},"s":{"0":5,"1":5,"2":5,"3":5,"4":1,"5":1,"6":1,"7":1,"8":1,"9":0,"10":1,"11":1,"12":1,"13":1,"14":1,"15":1,"16":1,"17":1,"18":1,"19":0,"20":1},"f":{"0":1,"1":1,"2":1,"3":1,"4":1},"b":{"0":[0,1],"1":[0,1]},"inputSourceMap":null,"_coverageSchema":"1a1c01bbd47fc00a2c39e90264f33305004495a9","hash":"8a578adb196f6cfed3e643abbfa9f9d3370583a5"}
,"C:\\Users\\Ranjot Singh\\Documents\\rrc-polytech\\semester-3\\Back End Development\\capstone project\\dist\\api\\v1\\controllers\\loans.controller.js": {"path":"C:\\Users\\Ranjot Singh\\Documents\\rrc-polytech\\semester-3\\Back End Development\\capstone project\\dist\\api\\v1\\controllers\\loans.controller.js","statementMap":{"0":{"start":{"line":2,"column":22},"end":{"line":12,"column":3}},"1":{"start":{"line":3,"column":4},"end":{"line":3,"column":33}},"2":{"start":{"line":3,"column":26},"end":{"line":3,"column":33}},"3":{"start":{"line":4,"column":15},"end":{"line":4,"column":52}},"4":{"start":{"line":5,"column":4},"end":{"line":7,"column":5}},"5":{"start":{"line":6,"column":6},"end":{"line":6,"column":68}},"6":{"start":{"line":6,"column":51},"end":{"line":6,"column":63}},"7":{"start":{"line":8,"column":4},"end":{"line":8,"column":39}},"8":{"start":{"line":10,"column":4},"end":{"line":10,"column":33}},"9":{"start":{"line":10,"column":26},"end":{"line":10,"column":33}},"10":{"start":{"line":11,"column":4},"end":{"line":11,"column":17}},"11":{"start":{"line":13,"column":25},"end":{"line":17,"column":2}},"12":{"start":{"line":14,"column":4},"end":{"line":14,"column":72}},"13":{"start":{"line":16,"column":4},"end":{"line":16,"column":21}},"14":{"start":{"line":18,"column":19},"end":{"line":34,"column":4}},"15":{"start":{"line":19,"column":18},"end":{"line":26,"column":5}},"16":{"start":{"line":20,"column":8},"end":{"line":24,"column":10}},"17":{"start":{"line":21,"column":21},"end":{"line":21,"column":23}},"18":{"start":{"line":22,"column":12},"end":{"line":22,"column":95}},"19":{"start":{"line":22,"column":29},"end":{"line":22,"column":95}},"20":{"start":{"line":22,"column":77},"end":{"line":22,"column":95}},"21":{"start":{"line":23,"column":12},"end":{"line":23,"column":22}},"22":{"start":{"line":25,"column":8},"end":{"line":25,"column":26}},"23":{"start":{"line":27,"column":4},"end":{"line":33,"column":6}},"24":{"start":{"line":28,"column":8},"end":{"line":28,"column":46}},"25":{"start":{"line":28,"column":35},"end":{"line":28,"column":46}},"26":{"start":{"line":29,"column":21},"end":{"line":29,"column":23}},"27":{"start":{"line":30,"column":8},"end":{"line":30,"column":137}},"28":{"start":{"line":30,"column":25},"end":{"line":30,"column":137}},"29":{"start":{"line":30,"column":38},"end":{"line":30,"column":50}},"30":{"start":{"line":30,"column":56},"end":{"line":30,"column":57}},"31":{"start":{"line":30,"column":78},"end":{"line":30,"column":137}},"32":{"start":{"line":30,"column":102},"end":{"line":30,"column":137}},"33":{"start":{"line":31,"column":8},"end":{"line":31,"column":40}},"34":{"start":{"line":32,"column":8},"end":{"line":32,"column":22}},"35":{"start":{"line":35,"column":0},"end":{"line":35,"column":62}},"36":{"start":{"line":36,"column":0},"end":{"line":36,"column":49}},"37":{"start":{"line":37,"column":21},"end":{"line":37,"column":72}},"38":{"start":{"line":38,"column":19},"end":{"line":41,"column":1}},"39":{"start":{"line":39,"column":17},"end":{"line":39,"column":50}},"40":{"start":{"line":40,"column":4},"end":{"line":40,"column":80}},"41":{"start":{"line":42,"column":0},"end":{"line":42,"column":32}},"42":{"start":{"line":43,"column":19},"end":{"line":46,"column":1}},"43":{"start":{"line":44,"column":17},"end":{"line":44,"column":50}},"44":{"start":{"line":45,"column":4},"end":{"line":45,"column":80}},"45":{"start":{"line":47,"column":0},"end":{"line":47,"column":32}}},"fnMap":{"0":{"name":"(anonymous_0)","decl":{"start":{"line":2,"column":74},"end":{"line":2,"column":75}},"loc":{"start":{"line":2,"column":96},"end":{"line":9,"column":1}},"line":2},"1":{"name":"(anonymous_1)","decl":{"start":{"line":6,"column":38},"end":{"line":6,"column":39}},"loc":{"start":{"line":6,"column":49},"end":{"line":6,"column":65}},"line":6},"2":{"name":"(anonymous_2)","decl":{"start":{"line":9,"column":6},"end":{"line":9,"column":7}},"loc":{"start":{"line":9,"column":28},"end":{"line":12,"column":1}},"line":9},"3":{"name":"(anonymous_3)","decl":{"start":{"line":13,"column":80},"end":{"line":13,"column":81}},"loc":{"start":{"line":13,"column":95},"end":{"line":15,"column":1}},"line":13},"4":{"name":"(anonymous_4)","decl":{"start":{"line":15,"column":5},"end":{"line":15,"column":6}},"loc":{"start":{"line":15,"column":20},"end":{"line":17,"column":1}},"line":15},"5":{"name":"(anonymous_5)","decl":{"start":{"line":18,"column":51},"end":{"line":18,"column":52}},"loc":{"start":{"line":18,"column":63},"end":{"line":34,"column":1}},"line":18},"6":{"name":"(anonymous_6)","decl":{"start":{"line":19,"column":18},"end":{"line":19,"column":19}},"loc":{"start":{"line":19,"column":30},"end":{"line":26,"column":5}},"line":19},"7":{"name":"(anonymous_7)","decl":{"start":{"line":20,"column":48},"end":{"line":20,"column":49}},"loc":{"start":{"line":20,"column":61},"end":{"line":24,"column":9}},"line":20},"8":{"name":"(anonymous_8)","decl":{"start":{"line":27,"column":11},"end":{"line":27,"column":12}},"loc":{"start":{"line":27,"column":26},"end":{"line":33,"column":5}},"line":27},"9":{"name":"(anonymous_9)","decl":{"start":{"line":38,"column":19},"end":{"line":38,"column":20}},"loc":{"start":{"line":38,"column":33},"end":{"line":41,"column":1}},"line":38},"10":{"name":"(anonymous_10)","decl":{"start":{"line":43,"column":19},"end":{"line":43,"column":20}},"loc":{"start":{"line":43,"column":33},"end":{"line":46,"column":1}},"line":43}},"branchMap":{"0":{"loc":{"start":{"line":2,"column":22},"end":{"line":12,"column":3}},"type":"binary-expr","locations":[{"start":{"line":2,"column":23},"end":{"line":2,"column":27}},{"start":{"line":2,"column":31},"end":{"line":2,"column":51}},{"start":{"line":2,"column":57},"end":{"line":12,"column":2}}],"line":2},"1":{"loc":{"start":{"line":2,"column":57},"end":{"line":12,"column":2}},"type":"cond-expr","locations":[{"start":{"line":2,"column":74},"end":{"line":9,"column":1}},{"start":{"line":9,"column":6},"end":{"line":12,"column":1}}],"line":2},"2":{"loc":{"start":{"line":3,"column":4},"end":{"line":3,"column":33}},"type":"if","locations":[{"start":{"line":3,"column":4},"end":{"line":3,"column":33}},{"start":{},"end":{}}],"line":3},"3":{"loc":{"start":{"line":5,"column":4},"end":{"line":7,"column":5}},"type":"if","locations":[{"start":{"line":5,"column":4},"end":{"line":7,"column":5}},{"start":{},"end":{}}],"line":5},"4":{"loc":{"start":{"line":5,"column":8},"end":{"line":5,"column":85}},"type":"binary-expr","locations":[{"start":{"line":5,"column":8},"end":{"line":5,"column":13}},{"start":{"line":5,"column":18},"end":{"line":5,"column":84}}],"line":5},"5":{"loc":{"start":{"line":5,"column":18},"end":{"line":5,"column":84}},"type":"cond-expr","locations":[{"start":{"line":5,"column":34},"end":{"line":5,"column":47}},{"start":{"line":5,"column":50},"end":{"line":5,"column":84}}],"line":5},"6":{"loc":{"start":{"line":5,"column":50},"end":{"line":5,"column":84}},"type":"binary-expr","locations":[{"start":{"line":5,"column":50},"end":{"line":5,"column":63}},{"start":{"line":5,"column":67},"end":{"line":5,"column":84}}],"line":5},"7":{"loc":{"start":{"line":10,"column":4},"end":{"line":10,"column":33}},"type":"if","locations":[{"start":{"line":10,"column":4},"end":{"line":10,"column":33}},{"start":{},"end":{}}],"line":10},"8":{"loc":{"start":{"line":13,"column":25},"end":{"line":17,"column":2}},"type":"binary-expr","locations":[{"start":{"line":13,"column":26},"end":{"line":13,"column":30}},{"start":{"line":13,"column":34},"end":{"line":13,"column":57}},{"start":{"line":13,"column":63},"end":{"line":17,"column":1}}],"line":13},"9":{"loc":{"start":{"line":13,"column":63},"end":{"line":17,"column":1}},"type":"cond-expr","locations":[{"start":{"line":13,"column":80},"end":{"line":15,"column":1}},{"start":{"line":15,"column":5},"end":{"line":17,"column":1}}],"line":13},"10":{"loc":{"start":{"line":18,"column":19},"end":{"line":34,"column":4}},"type":"binary-expr","locations":[{"start":{"line":18,"column":20},"end":{"line":18,"column":24}},{"start":{"line":18,"column":28},"end":{"line":18,"column":45}},{"start":{"line":18,"column":50},"end":{"line":34,"column":4}}],"line":18},"11":{"loc":{"start":{"line":20,"column":18},"end":{"line":24,"column":9}},"type":"binary-expr","locations":[{"start":{"line":20,"column":18},"end":{"line":20,"column":44}},{"start":{"line":20,"column":48},"end":{"line":24,"column":9}}],"line":20},"12":{"loc":{"start":{"line":22,"column":29},"end":{"line":22,"column":95}},"type":"if","locations":[{"start":{"line":22,"column":29},"end":{"line":22,"column":95}},{"start":{},"end":{}}],"line":22},"13":{"loc":{"start":{"line":28,"column":8},"end":{"line":28,"column":46}},"type":"if","locations":[{"start":{"line":28,"column":8},"end":{"line":28,"column":46}},{"start":{},"end":{}}],"line":28},"14":{"loc":{"start":{"line":28,"column":12},"end":{"line":28,"column":33}},"type":"binary-expr","locations":[{"start":{"line":28,"column":12},"end":{"line":28,"column":15}},{"start":{"line":28,"column":19},"end":{"line":28,"column":33}}],"line":28},"15":{"loc":{"start":{"line":30,"column":8},"end":{"line":30,"column":137}},"type":"if","locations":[{"start":{"line":30,"column":8},"end":{"line":30,"column":137}},{"start":{},"end":{}}],"line":30},"16":{"loc":{"start":{"line":30,"column":78},"end":{"line":30,"column":137}},"type":"if","locations":[{"start":{"line":30,"column":78},"end":{"line":30,"column":137}},{"start":{},"end":{}}],"line":30}},"s":{"0":5,"1":0,"2":0,"3":0,"4":0,"5":0,"6":0,"7":0,"8":0,"9":0,"10":0,"11":5,"12":0,"13":0,"14":5,"15":5,"16":0,"17":0,"18":0,"19":0,"20":0,"21":0,"22":0,"23":5,"24":5,"25":5,"26":0,"27":0,"28":0,"29":0,"30":0,"31":0,"32":0,"33":0,"34":0,"35":5,"36":5,"37":5,"38":5,"39":1,"40":1,"41":5,"42":5,"43":1,"44":1,"45":5},"f":{"0":0,"1":0,"2":0,"3":0,"4":0,"5":5,"6":0,"7":0,"8":5,"9":1,"10":1},"b":{"0":[5,5,5],"1":[5,0],"2":[0,0],"3":[0,0],"4":[0,0],"5":[0,0],"6":[0,0],"7":[0,0],"8":[5,5,5],"9":[5,0],"10":[5,5,5],"11":[0,0],"12":[0,0],"13":[5,0],"14":[5,5],"15":[0,0],"16":[0,0]},"inputSourceMap":null,"_coverageSchema":"1a1c01bbd47fc00a2c39e90264f33305004495a9","hash":"632b95b8ffe60c978914c431855632c293dcb915"}
,"C:\\Users\\Ranjot Singh\\Documents\\rrc-polytech\\semester-3\\Back End Development\\capstone project\\dist\\api\\v1\\controllers\\members.controller.js": {"path":"C:\\Users\\Ranjot Singh\\Documents\\rrc-polytech\\semester-3\\Back End Development\\capstone project\\dist\\api\\v1\\controllers\\members.controller.js","statementMap":{"0":{"start":{"line":2,"column":0},"end":{"line":2,"column":62}},"1":{"start":{"line":3,"column":0},"end":{"line":3,"column":35}},"2":{"start":{"line":4,"column":26},"end":{"line":4,"column":64}},"3":{"start":{"line":5,"column":32},"end":{"line":5,"column":76}},"4":{"start":{"line":6,"column":0},"end":{"line":44,"column":2}},"5":{"start":{"line":7,"column":26},"end":{"line":7,"column":77}},"6":{"start":{"line":9,"column":19},"end":{"line":9,"column":32}},"7":{"start":{"line":10,"column":23},"end":{"line":10,"column":67}},"8":{"start":{"line":11,"column":8},"end":{"line":12,"column":73}},"9":{"start":{"line":12,"column":12},"end":{"line":12,"column":73}},"10":{"start":{"line":13,"column":8},"end":{"line":13,"column":25}},"11":{"start":{"line":16,"column":23},"end":{"line":16,"column":72}},"12":{"start":{"line":18,"column":8},"end":{"line":19,"column":88}},"13":{"start":{"line":19,"column":25},"end":{"line":19,"column":86}},"14":{"start":{"line":20,"column":8},"end":{"line":20,"column":37}},"15":{"start":{"line":23,"column":19},"end":{"line":23,"column":32}},"16":{"start":{"line":24,"column":30},"end":{"line":24,"column":83}},"17":{"start":{"line":25,"column":8},"end":{"line":27,"column":9}},"18":{"start":{"line":26,"column":12},"end":{"line":26,"column":73}},"19":{"start":{"line":28,"column":8},"end":{"line":28,"column":32}},"20":{"start":{"line":31,"column":19},"end":{"line":31,"column":32}},"21":{"start":{"line":32,"column":30},"end":{"line":32,"column":73}},"22":{"start":{"line":33,"column":8},"end":{"line":34,"column":73}},"23":{"start":{"line":34,"column":12},"end":{"line":34,"column":73}},"24":{"start":{"line":35,"column":8},"end":{"line":35,"column":61}},"25":{"start":{"line":38,"column":23},"end":{"line":38,"column":72}},"26":{"start":{"line":40,"column":8},"end":{"line":41,"column":88}},"27":{"start":{"line":41,"column":25},"end":{"line":41,"column":86}},"28":{"start":{"line":42,"column":8},"end":{"line":42,"column":37}}},"fnMap":{"0":{"name":"(anonymous_0)","decl":{"start":{"line":7,"column":12},"end":{"line":7,"column":13}},"loc":{"start":{"line":7,"column":26},"end":{"line":7,"column":77}},"line":7},"1":{"name":"(anonymous_1)","decl":{"start":{"line":8,"column":13},"end":{"line":8,"column":14}},"loc":{"start":{"line":8,"column":27},"end":{"line":14,"column":5}},"line":8},"2":{"name":"(anonymous_2)","decl":{"start":{"line":15,"column":12},"end":{"line":15,"column":13}},"loc":{"start":{"line":15,"column":26},"end":{"line":21,"column":5}},"line":15},"3":{"name":"(anonymous_3)","decl":{"start":{"line":19,"column":19},"end":{"line":19,"column":20}},"loc":{"start":{"line":19,"column":25},"end":{"line":19,"column":86}},"line":19},"4":{"name":"(anonymous_4)","decl":{"start":{"line":22,"column":12},"end":{"line":22,"column":13}},"loc":{"start":{"line":22,"column":26},"end":{"line":29,"column":5}},"line":22},"5":{"name":"(anonymous_5)","decl":{"start":{"line":30,"column":12},"end":{"line":30,"column":13}},"loc":{"start":{"line":30,"column":26},"end":{"line":36,"column":5}},"line":30},"6":{"name":"(anonymous_6)","decl":{"start":{"line":37,"column":21},"end":{"line":37,"column":22}},"loc":{"start":{"line":37,"column":35},"end":{"line":43,"column":5}},"line":37},"7":{"name":"(anonymous_7)","decl":{"start":{"line":41,"column":19},"end":{"line":41,"column":20}},"loc":{"start":{"line":41,"column":25},"end":{"line":41,"column":86}},"line":41}},"branchMap":{"0":{"loc":{"start":{"line":11,"column":8},"end":{"line":12,"column":73}},"type":"if","locations":[{"start":{"line":11,"column":8},"end":{"line":12,"column":73}},{"start":{},"end":{}}],"line":11},"1":{"loc":{"start":{"line":25,"column":8},"end":{"line":27,"column":9}},"type":"if","locations":[{"start":{"line":25,"column":8},"end":{"line":27,"column":9}},{"start":{},"end":{}}],"line":25},"2":{"loc":{"start":{"line":33,"column":8},"end":{"line":34,"column":73}},"type":"if","locations":[{"start":{"line":33,"column":8},"end":{"line":34,"column":73}},{"start":{},"end":{}}],"line":33}},"s":{"0":5,"1":5,"2":5,"3":5,"4":5,"5":1,"6":1,"7":1,"8":1,"9":0,"10":1,"11":1,"12":1,"13":0,"14":1,"15":1,"16":1,"17":1,"18":0,"19":1,"20":1,"21":1,"22":1,"23":0,"24":1,"25":0,"26":0,"27":0,"28":0},"f":{"0":1,"1":1,"2":1,"3":0,"4":1,"5":1,"6":0,"7":0},"b":{"0":[0,1],"1":[0,1],"2":[0,1]},"inputSourceMap":null,"_coverageSchema":"1a1c01bbd47fc00a2c39e90264f33305004495a9","hash":"a928391eaf20b8a31cd2a9cbeb9a4d23cfff0f8c"}
,"C:\\Users\\Ranjot Singh\\Documents\\rrc-polytech\\semester-3\\Back End Development\\capstone project\\dist\\api\\v1\\controllers\\notifications.controller.js": {"path":"C:\\Users\\Ranjot Singh\\Documents\\rrc-polytech\\semester-3\\Back End Development\\capstone project\\dist\\api\\v1\\controllers\\notifications.controller.js","statementMap":{"0":{"start":{"line":2,"column":0},"end":{"line":2,"column":62}},"1":{"start":{"line":3,"column":0},"end":{"line":3,"column":41}},"2":{"start":{"line":4,"column":32},"end":{"line":4,"column":76}},"3":{"start":{"line":5,"column":0},"end":{"line":36,"column":2}},"4":{"start":{"line":7,"column":8},"end":{"line":14,"column":9}},"5":{"start":{"line":8,"column":36},"end":{"line":8,"column":44}},"6":{"start":{"line":9,"column":27},"end":{"line":9,"column":118}},"7":{"start":{"line":10,"column":12},"end":{"line":10,"column":41}},"8":{"start":{"line":13,"column":12},"end":{"line":13,"column":82}},"9":{"start":{"line":17,"column":8},"end":{"line":24,"column":9}},"10":{"start":{"line":18,"column":41},"end":{"line":18,"column":49}},"11":{"start":{"line":19,"column":27},"end":{"line":19,"column":119}},"12":{"start":{"line":20,"column":12},"end":{"line":20,"column":41}},"13":{"start":{"line":23,"column":12},"end":{"line":23,"column":82}},"14":{"start":{"line":27,"column":8},"end":{"line":34,"column":9}},"15":{"start":{"line":28,"column":50},"end":{"line":28,"column":58}},"16":{"start":{"line":29,"column":27},"end":{"line":29,"column":122}},"17":{"start":{"line":30,"column":12},"end":{"line":30,"column":41}},"18":{"start":{"line":33,"column":12},"end":{"line":33,"column":82}}},"fnMap":{"0":{"name":"(anonymous_0)","decl":{"start":{"line":6,"column":22},"end":{"line":6,"column":23}},"loc":{"start":{"line":6,"column":42},"end":{"line":15,"column":5}},"line":6},"1":{"name":"(anonymous_1)","decl":{"start":{"line":16,"column":27},"end":{"line":16,"column":28}},"loc":{"start":{"line":16,"column":47},"end":{"line":25,"column":5}},"line":16},"2":{"name":"(anonymous_2)","decl":{"start":{"line":26,"column":24},"end":{"line":26,"column":25}},"loc":{"start":{"line":26,"column":44},"end":{"line":35,"column":5}},"line":26}},"branchMap":{},"s":{"0":5,"1":5,"2":5,"3":5,"4":1,"5":1,"6":1,"7":1,"8":0,"9":1,"10":1,"11":1,"12":1,"13":0,"14":1,"15":1,"16":1,"17":1,"18":0},"f":{"0":1,"1":1,"2":1},"b":{},"inputSourceMap":null,"_coverageSchema":"1a1c01bbd47fc00a2c39e90264f33305004495a9","hash":"83a5cbe27988b1261bf8794f875a9e45c0b8f3cd"}
,"C:\\Users\\Ranjot Singh\\Documents\\rrc-polytech\\semester-3\\Back End Development\\capstone project\\dist\\api\\v1\\repositories\\authors.repository.js": {"path":"C:\\Users\\Ranjot Singh\\Documents\\rrc-polytech\\semester-3\\Back End Development\\capstone project\\dist\\api\\v1\\repositories\\authors.repository.js","statementMap":{"0":{"start":{"line":2,"column":0},"end":{"line":2,"column":62}},"1":{"start":{"line":3,"column":0},"end":{"line":3,"column":35}},"2":{"start":{"line":4,"column":14},"end":{"line":4,"column":16}},"3":{"start":{"line":5,"column":13},"end":{"line":5,"column":14}},"4":{"start":{"line":6,"column":0},"end":{"line":28,"column":2}},"5":{"start":{"line":7,"column":18},"end":{"line":7,"column":25}},"6":{"start":{"line":8,"column":21},"end":{"line":8,"column":61}},"7":{"start":{"line":8,"column":44},"end":{"line":8,"column":60}},"8":{"start":{"line":10,"column":26},"end":{"line":10,"column":62}},"9":{"start":{"line":11,"column":8},"end":{"line":11,"column":17}},"10":{"start":{"line":12,"column":8},"end":{"line":12,"column":32}},"11":{"start":{"line":13,"column":8},"end":{"line":13,"column":25}},"12":{"start":{"line":16,"column":22},"end":{"line":16,"column":57}},"13":{"start":{"line":16,"column":45},"end":{"line":16,"column":56}},"14":{"start":{"line":17,"column":8},"end":{"line":18,"column":24}},"15":{"start":{"line":18,"column":12},"end":{"line":18,"column":24}},"16":{"start":{"line":19,"column":8},"end":{"line":19,"column":58}},"17":{"start":{"line":20,"column":8},"end":{"line":20,"column":30}},"18":{"start":{"line":23,"column":22},"end":{"line":23,"column":57}},"19":{"start":{"line":23,"column":45},"end":{"line":23,"column":56}},"20":{"start":{"line":24,"column":8},"end":{"line":25,"column":24}},"21":{"start":{"line":25,"column":12},"end":{"line":25,"column":24}},"22":{"start":{"line":26,"column":8},"end":{"line":26,"column":43}}},"fnMap":{"0":{"name":"(anonymous_0)","decl":{"start":{"line":7,"column":12},"end":{"line":7,"column":13}},"loc":{"start":{"line":7,"column":18},"end":{"line":7,"column":25}},"line":7},"1":{"name":"(anonymous_1)","decl":{"start":{"line":8,"column":13},"end":{"line":8,"column":14}},"loc":{"start":{"line":8,"column":21},"end":{"line":8,"column":61}},"line":8},"2":{"name":"(anonymous_2)","decl":{"start":{"line":8,"column":34},"end":{"line":8,"column":35}},"loc":{"start":{"line":8,"column":44},"end":{"line":8,"column":60}},"line":8},"3":{"name":"(anonymous_3)","decl":{"start":{"line":9,"column":12},"end":{"line":9,"column":13}},"loc":{"start":{"line":9,"column":24},"end":{"line":14,"column":5}},"line":9},"4":{"name":"(anonymous_4)","decl":{"start":{"line":15,"column":12},"end":{"line":15,"column":13}},"loc":{"start":{"line":15,"column":28},"end":{"line":21,"column":5}},"line":15},"5":{"name":"(anonymous_5)","decl":{"start":{"line":16,"column":40},"end":{"line":16,"column":41}},"loc":{"start":{"line":16,"column":45},"end":{"line":16,"column":56}},"line":16},"6":{"name":"(anonymous_6)","decl":{"start":{"line":22,"column":12},"end":{"line":22,"column":13}},"loc":{"start":{"line":22,"column":20},"end":{"line":27,"column":5}},"line":22},"7":{"name":"(anonymous_7)","decl":{"start":{"line":23,"column":40},"end":{"line":23,"column":41}},"loc":{"start":{"line":23,"column":45},"end":{"line":23,"column":56}},"line":23}},"branchMap":{"0":{"loc":{"start":{"line":17,"column":8},"end":{"line":18,"column":24}},"type":"if","locations":[{"start":{"line":17,"column":8},"end":{"line":18,"column":24}},{"start":{},"end":{}}],"line":17},"1":{"loc":{"start":{"line":24,"column":8},"end":{"line":25,"column":24}},"type":"if","locations":[{"start":{"line":24,"column":8},"end":{"line":25,"column":24}},{"start":{},"end":{}}],"line":24}},"s":{"0":5,"1":5,"2":5,"3":5,"4":5,"5":1,"6":1,"7":1,"8":1,"9":1,"10":1,"11":1,"12":1,"13":1,"14":1,"15":0,"16":1,"17":1,"18":1,"19":1,"20":1,"21":0,"22":1},"f":{"0":1,"1":1,"2":1,"3":1,"4":1,"5":1,"6":1,"7":1},"b":{"0":[0,1],"1":[0,1]},"inputSourceMap":null,"_coverageSchema":"1a1c01bbd47fc00a2c39e90264f33305004495a9","hash":"f3ae0376de4df51bc492f10d7ed50099d9c1a5c0"}
,"C:\\Users\\Ranjot Singh\\Documents\\rrc-polytech\\semester-3\\Back End Development\\capstone project\\dist\\api\\v1\\repositories\\books.repository.js": {"path":"C:\\Users\\Ranjot Singh\\Documents\\rrc-polytech\\semester-3\\Back End Development\\capstone project\\dist\\api\\v1\\repositories\\books.repository.js","statementMap":{"0":{"start":{"line":2,"column":0},"end":{"line":2,"column":62}},"1":{"start":{"line":3,"column":0},"end":{"line":3,"column":33}},"2":{"start":{"line":4,"column":12},"end":{"line":4,"column":14}},"3":{"start":{"line":5,"column":13},"end":{"line":5,"column":14}},"4":{"start":{"line":6,"column":0},"end":{"line":28,"column":2}},"5":{"start":{"line":7,"column":18},"end":{"line":7,"column":23}},"6":{"start":{"line":8,"column":21},"end":{"line":8,"column":55}},"7":{"start":{"line":8,"column":40},"end":{"line":8,"column":54}},"8":{"start":{"line":10,"column":24},"end":{"line":10,"column":58}},"9":{"start":{"line":11,"column":8},"end":{"line":11,"column":17}},"10":{"start":{"line":12,"column":8},"end":{"line":12,"column":28}},"11":{"start":{"line":13,"column":8},"end":{"line":13,"column":23}},"12":{"start":{"line":16,"column":22},"end":{"line":16,"column":55}},"13":{"start":{"line":16,"column":43},"end":{"line":16,"column":54}},"14":{"start":{"line":17,"column":8},"end":{"line":18,"column":24}},"15":{"start":{"line":18,"column":12},"end":{"line":18,"column":24}},"16":{"start":{"line":19,"column":8},"end":{"line":19,"column":52}},"17":{"start":{"line":20,"column":8},"end":{"line":20,"column":28}},"18":{"start":{"line":23,"column":22},"end":{"line":23,"column":55}},"19":{"start":{"line":23,"column":43},"end":{"line":23,"column":54}},"20":{"start":{"line":24,"column":8},"end":{"line":25,"column":24}},"21":{"start":{"line":25,"column":12},"end":{"line":25,"column":24}},"22":{"start":{"line":26,"column":8},"end":{"line":26,"column":41}}},"fnMap":{"0":{"name":"(anonymous_0)","decl":{"start":{"line":7,"column":12},"end":{"line":7,"column":13}},"loc":{"start":{"line":7,"column":18},"end":{"line":7,"column":23}},"line":7},"1":{"name":"(anonymous_1)","decl":{"start":{"line":8,"column":13},"end":{"line":8,"column":14}},"loc":{"start":{"line":8,"column":21},"end":{"line":8,"column":55}},"line":8},"2":{"name":"(anonymous_2)","decl":{"start":{"line":8,"column":32},"end":{"line":8,"column":33}},"loc":{"start":{"line":8,"column":40},"end":{"line":8,"column":54}},"line":8},"3":{"name":"(anonymous_3)","decl":{"start":{"line":9,"column":12},"end":{"line":9,"column":13}},"loc":{"start":{"line":9,"column":22},"end":{"line":14,"column":5}},"line":9},"4":{"name":"(anonymous_4)","decl":{"start":{"line":15,"column":12},"end":{"line":15,"column":13}},"loc":{"start":{"line":15,"column":26},"end":{"line":21,"column":5}},"line":15},"5":{"name":"(anonymous_5)","decl":{"start":{"line":16,"column":38},"end":{"line":16,"column":39}},"loc":{"start":{"line":16,"column":43},"end":{"line":16,"column":54}},"line":16},"6":{"name":"(anonymous_6)","decl":{"start":{"line":22,"column":12},"end":{"line":22,"column":13}},"loc":{"start":{"line":22,"column":20},"end":{"line":27,"column":5}},"line":22},"7":{"name":"(anonymous_7)","decl":{"start":{"line":23,"column":38},"end":{"line":23,"column":39}},"loc":{"start":{"line":23,"column":43},"end":{"line":23,"column":54}},"line":23}},"branchMap":{"0":{"loc":{"start":{"line":17,"column":8},"end":{"line":18,"column":24}},"type":"if","locations":[{"start":{"line":17,"column":8},"end":{"line":18,"column":24}},{"start":{},"end":{}}],"line":17},"1":{"loc":{"start":{"line":24,"column":8},"end":{"line":25,"column":24}},"type":"if","locations":[{"start":{"line":24,"column":8},"end":{"line":25,"column":24}},{"start":{},"end":{}}],"line":24}},"s":{"0":5,"1":5,"2":5,"3":5,"4":5,"5":1,"6":1,"7":1,"8":1,"9":1,"10":1,"11":1,"12":1,"13":1,"14":1,"15":0,"16":1,"17":1,"18":1,"19":1,"20":1,"21":0,"22":1},"f":{"0":1,"1":1,"2":1,"3":1,"4":1,"5":1,"6":1,"7":1},"b":{"0":[0,1],"1":[0,1]},"inputSourceMap":null,"_coverageSchema":"1a1c01bbd47fc00a2c39e90264f33305004495a9","hash":"cf988e6fbaa29060b10e9c84f1b23d15d87c68e7"}
,"C:\\Users\\Ranjot Singh\\Documents\\rrc-polytech\\semester-3\\Back End Development\\capstone project\\dist\\api\\v1\\repositories\\loans.repository.js": {"path":"C:\\Users\\Ranjot Singh\\Documents\\rrc-polytech\\semester-3\\Back End Development\\capstone project\\dist\\api\\v1\\repositories\\loans.repository.js","statementMap":{"0":{"start":{"line":2,"column":0},"end":{"line":2,"column":62}},"1":{"start":{"line":3,"column":0},"end":{"line":3,"column":49}},"2":{"start":{"line":4,"column":12},"end":{"line":4,"column":14}},"3":{"start":{"line":5,"column":19},"end":{"line":9,"column":1}},"4":{"start":{"line":6,"column":17},"end":{"line":6,"column":68}},"5":{"start":{"line":7,"column":4},"end":{"line":7,"column":21}},"6":{"start":{"line":8,"column":4},"end":{"line":8,"column":16}},"7":{"start":{"line":10,"column":0},"end":{"line":10,"column":32}},"8":{"start":{"line":11,"column":19},"end":{"line":18,"column":1}},"9":{"start":{"line":12,"column":18},"end":{"line":12,"column":98}},"10":{"start":{"line":12,"column":41},"end":{"line":12,"column":97}},"11":{"start":{"line":13,"column":4},"end":{"line":16,"column":5}},"12":{"start":{"line":14,"column":25},"end":{"line":14,"column":50}},"13":{"start":{"line":15,"column":8},"end":{"line":15,"column":24}},"14":{"start":{"line":17,"column":4},"end":{"line":17,"column":16}},"15":{"start":{"line":19,"column":0},"end":{"line":19,"column":32}}},"fnMap":{"0":{"name":"(anonymous_0)","decl":{"start":{"line":5,"column":19},"end":{"line":5,"column":20}},"loc":{"start":{"line":5,"column":29},"end":{"line":9,"column":1}},"line":5},"1":{"name":"(anonymous_1)","decl":{"start":{"line":11,"column":19},"end":{"line":11,"column":20}},"loc":{"start":{"line":11,"column":29},"end":{"line":18,"column":1}},"line":11},"2":{"name":"(anonymous_2)","decl":{"start":{"line":12,"column":34},"end":{"line":12,"column":35}},"loc":{"start":{"line":12,"column":41},"end":{"line":12,"column":97}},"line":12}},"branchMap":{"0":{"loc":{"start":{"line":12,"column":41},"end":{"line":12,"column":97}},"type":"binary-expr","locations":[{"start":{"line":12,"column":41},"end":{"line":12,"column":69}},{"start":{"line":12,"column":73},"end":{"line":12,"column":97}}],"line":12},"1":{"loc":{"start":{"line":13,"column":4},"end":{"line":16,"column":5}},"type":"if","locations":[{"start":{"line":13,"column":4},"end":{"line":16,"column":5}},{"start":{},"end":{}}],"line":13}},"s":{"0":5,"1":5,"2":5,"3":5,"4":1,"5":1,"6":1,"7":5,"8":5,"9":1,"10":1,"11":1,"12":1,"13":1,"14":0,"15":5},"f":{"0":1,"1":1,"2":1},"b":{"0":[1,1],"1":[1,0]},"inputSourceMap":null,"_coverageSchema":"1a1c01bbd47fc00a2c39e90264f33305004495a9","hash":"91d73e97d4ff6436dc4db24876f49131c2b93664"}
,"C:\\Users\\Ranjot Singh\\Documents\\rrc-polytech\\semester-3\\Back End Development\\capstone project\\dist\\api\\v1\\repositories\\members.repository.js": {"path":"C:\\Users\\Ranjot Singh\\Documents\\rrc-polytech\\semester-3\\Back End Development\\capstone project\\dist\\api\\v1\\repositories\\members.repository.js","statementMap":{"0":{"start":{"line":2,"column":0},"end":{"line":2,"column":62}},"1":{"start":{"line":3,"column":0},"end":{"line":3,"column":35}},"2":{"start":{"line":4,"column":14},"end":{"line":4,"column":16}},"3":{"start":{"line":5,"column":13},"end":{"line":5,"column":14}},"4":{"start":{"line":6,"column":0},"end":{"line":28,"column":2}},"5":{"start":{"line":7,"column":18},"end":{"line":7,"column":25}},"6":{"start":{"line":8,"column":21},"end":{"line":8,"column":61}},"7":{"start":{"line":8,"column":44},"end":{"line":8,"column":60}},"8":{"start":{"line":10,"column":26},"end":{"line":10,"column":62}},"9":{"start":{"line":11,"column":8},"end":{"line":11,"column":17}},"10":{"start":{"line":12,"column":8},"end":{"line":12,"column":32}},"11":{"start":{"line":13,"column":8},"end":{"line":13,"column":25}},"12":{"start":{"line":16,"column":22},"end":{"line":16,"column":57}},"13":{"start":{"line":16,"column":45},"end":{"line":16,"column":56}},"14":{"start":{"line":17,"column":8},"end":{"line":18,"column":24}},"15":{"start":{"line":18,"column":12},"end":{"line":18,"column":24}},"16":{"start":{"line":19,"column":8},"end":{"line":19,"column":58}},"17":{"start":{"line":20,"column":8},"end":{"line":20,"column":30}},"18":{"start":{"line":23,"column":22},"end":{"line":23,"column":57}},"19":{"start":{"line":23,"column":45},"end":{"line":23,"column":56}},"20":{"start":{"line":24,"column":8},"end":{"line":25,"column":24}},"21":{"start":{"line":25,"column":12},"end":{"line":25,"column":24}},"22":{"start":{"line":26,"column":8},"end":{"line":26,"column":43}}},"fnMap":{"0":{"name":"(anonymous_0)","decl":{"start":{"line":7,"column":12},"end":{"line":7,"column":13}},"loc":{"start":{"line":7,"column":18},"end":{"line":7,"column":25}},"line":7},"1":{"name":"(anonymous_1)","decl":{"start":{"line":8,"column":13},"end":{"line":8,"column":14}},"loc":{"start":{"line":8,"column":21},"end":{"line":8,"column":61}},"line":8},"2":{"name":"(anonymous_2)","decl":{"start":{"line":8,"column":34},"end":{"line":8,"column":35}},"loc":{"start":{"line":8,"column":44},"end":{"line":8,"column":60}},"line":8},"3":{"name":"(anonymous_3)","decl":{"start":{"line":9,"column":12},"end":{"line":9,"column":13}},"loc":{"start":{"line":9,"column":24},"end":{"line":14,"column":5}},"line":9},"4":{"name":"(anonymous_4)","decl":{"start":{"line":15,"column":12},"end":{"line":15,"column":13}},"loc":{"start":{"line":15,"column":28},"end":{"line":21,"column":5}},"line":15},"5":{"name":"(anonymous_5)","decl":{"start":{"line":16,"column":40},"end":{"line":16,"column":41}},"loc":{"start":{"line":16,"column":45},"end":{"line":16,"column":56}},"line":16},"6":{"name":"(anonymous_6)","decl":{"start":{"line":22,"column":12},"end":{"line":22,"column":13}},"loc":{"start":{"line":22,"column":20},"end":{"line":27,"column":5}},"line":22},"7":{"name":"(anonymous_7)","decl":{"start":{"line":23,"column":40},"end":{"line":23,"column":41}},"loc":{"start":{"line":23,"column":45},"end":{"line":23,"column":56}},"line":23}},"branchMap":{"0":{"loc":{"start":{"line":17,"column":8},"end":{"line":18,"column":24}},"type":"if","locations":[{"start":{"line":17,"column":8},"end":{"line":18,"column":24}},{"start":{},"end":{}}],"line":17},"1":{"loc":{"start":{"line":24,"column":8},"end":{"line":25,"column":24}},"type":"if","locations":[{"start":{"line":24,"column":8},"end":{"line":25,"column":24}},{"start":{},"end":{}}],"line":24}},"s":{"0":5,"1":5,"2":5,"3":5,"4":5,"5":1,"6":1,"7":1,"8":1,"9":1,"10":1,"11":1,"12":1,"13":1,"14":1,"15":0,"16":1,"17":1,"18":1,"19":1,"20":1,"21":0,"22":1},"f":{"0":1,"1":1,"2":1,"3":1,"4":1,"5":1,"6":1,"7":1},"b":{"0":[0,1],"1":[0,1]},"inputSourceMap":null,"_coverageSchema":"1a1c01bbd47fc00a2c39e90264f33305004495a9","hash":"c212a3d1d8124f09fb32f0a1f13bf8c5da667d21"}
,"C:\\Users\\Ranjot Singh\\Documents\\rrc-polytech\\semester-3\\Back End Development\\capstone project\\dist\\api\\v1\\routes\\authors.routes.js": {"path":"C:\\Users\\Ranjot Singh\\Documents\\rrc-polytech\\semester-3\\Back End Development\\capstone project\\dist\\api\\v1\\routes\\authors.routes.js","statementMap":{"0":{"start":{"line":2,"column":0},"end":{"line":2,"column":62}},"1":{"start":{"line":3,"column":18},"end":{"line":3,"column":36}},"2":{"start":{"line":4,"column":29},"end":{"line":4,"column":73}},"3":{"start":{"line":5,"column":15},"end":{"line":5,"column":38}},"4":{"start":{"line":17,"column":0},"end":{"line":17,"column":63}},"5":{"start":{"line":38,"column":0},"end":{"line":38,"column":67}},"6":{"start":{"line":66,"column":0},"end":{"line":66,"column":64}},"7":{"start":{"line":101,"column":0},"end":{"line":101,"column":66}},"8":{"start":{"line":120,"column":0},"end":{"line":120,"column":69}},"9":{"start":{"line":121,"column":0},"end":{"line":121,"column":25}}},"fnMap":{},"branchMap":{},"s":{"0":5,"1":5,"2":5,"3":5,"4":5,"5":5,"6":5,"7":5,"8":5,"9":5},"f":{},"b":{},"inputSourceMap":null,"_coverageSchema":"1a1c01bbd47fc00a2c39e90264f33305004495a9","hash":"175d7c54f4c9cd7cbb8acb8f94a559d7baefa637"}
,"C:\\Users\\Ranjot Singh\\Documents\\rrc-polytech\\semester-3\\Back End Development\\capstone project\\dist\\api\\v1\\routes\\books.routes.js": {"path":"C:\\Users\\Ranjot Singh\\Documents\\rrc-polytech\\semester-3\\Back End Development\\capstone project\\dist\\api\\v1\\routes\\books.routes.js","statementMap":{"0":{"start":{"line":2,"column":0},"end":{"line":2,"column":62}},"1":{"start":{"line":3,"column":18},"end":{"line":3,"column":36}},"2":{"start":{"line":4,"column":27},"end":{"line":4,"column":69}},"3":{"start":{"line":5,"column":15},"end":{"line":5,"column":38}},"4":{"start":{"line":17,"column":0},"end":{"line":17,"column":59}},"5":{"start":{"line":38,"column":0},"end":{"line":38,"column":63}},"6":{"start":{"line":73,"column":0},"end":{"line":73,"column":60}},"7":{"start":{"line":115,"column":0},"end":{"line":115,"column":62}},"8":{"start":{"line":134,"column":0},"end":{"line":134,"column":65}},"9":{"start":{"line":135,"column":0},"end":{"line":135,"column":25}}},"fnMap":{},"branchMap":{},"s":{"0":5,"1":5,"2":5,"3":5,"4":5,"5":5,"6":5,"7":5,"8":5,"9":5},"f":{},"b":{},"inputSourceMap":null,"_coverageSchema":"1a1c01bbd47fc00a2c39e90264f33305004495a9","hash":"3b95ad94d6b9bed77f975045d9f991cf28319da6"}
,"C:\\Users\\Ranjot Singh\\Documents\\rrc-polytech\\semester-3\\Back End Development\\capstone project\\dist\\api\\v1\\routes\\loans.routes.js": {"path":"C:\\Users\\Ranjot Singh\\Documents\\rrc-polytech\\semester-3\\Back End Development\\capstone project\\dist\\api\\v1\\routes\\loans.routes.js","statementMap":{"0":{"start":{"line":2,"column":0},"end":{"line":2,"column":62}},"1":{"start":{"line":3,"column":18},"end":{"line":3,"column":36}},"2":{"start":{"line":4,"column":27},"end":{"line":4,"column":69}},"3":{"start":{"line":5,"column":15},"end":{"line":5,"column":38}},"4":{"start":{"line":31,"column":0},"end":{"line":31,"column":54}},"5":{"start":{"line":57,"column":0},"end":{"line":57,"column":54}},"6":{"start":{"line":58,"column":0},"end":{"line":58,"column":25}}},"fnMap":{},"branchMap":{},"s":{"0":5,"1":5,"2":5,"3":5,"4":5,"5":5,"6":5},"f":{},"b":{},"inputSourceMap":null,"_coverageSchema":"1a1c01bbd47fc00a2c39e90264f33305004495a9","hash":"1ce3bc07b5afcf4cee06c609ccd9e306c4210814"}
,"C:\\Users\\Ranjot Singh\\Documents\\rrc-polytech\\semester-3\\Back End Development\\capstone project\\dist\\api\\v1\\routes\\members.routes.js": {"path":"C:\\Users\\Ranjot Singh\\Documents\\rrc-polytech\\semester-3\\Back End Development\\capstone project\\dist\\api\\v1\\routes\\members.routes.js","statementMap":{"0":{"start":{"line":2,"column":0},"end":{"line":2,"column":62}},"1":{"start":{"line":3,"column":18},"end":{"line":3,"column":36}},"2":{"start":{"line":4,"column":29},"end":{"line":4,"column":73}},"3":{"start":{"line":5,"column":15},"end":{"line":5,"column":38}},"4":{"start":{"line":17,"column":0},"end":{"line":17,"column":63}},"5":{"start":{"line":38,"column":0},"end":{"line":38,"column":67}},"6":{"start":{"line":70,"column":0},"end":{"line":70,"column":64}},"7":{"start":{"line":107,"column":0},"end":{"line":107,"column":66}},"8":{"start":{"line":126,"column":0},"end":{"line":126,"column":69}},"9":{"start":{"line":127,"column":0},"end":{"line":127,"column":25}}},"fnMap":{},"branchMap":{},"s":{"0":5,"1":5,"2":5,"3":5,"4":5,"5":5,"6":5,"7":5,"8":5,"9":5},"f":{},"b":{},"inputSourceMap":null,"_coverageSchema":"1a1c01bbd47fc00a2c39e90264f33305004495a9","hash":"4b38a2d1b5a54d24eabff980ba9837a832cbe08c"}
,"C:\\Users\\Ranjot Singh\\Documents\\rrc-polytech\\semester-3\\Back End Development\\capstone project\\dist\\api\\v1\\routes\\notifications.routes.js": {"path":"C:\\Users\\Ranjot Singh\\Documents\\rrc-polytech\\semester-3\\Back End Development\\capstone project\\dist\\api\\v1\\routes\\notifications.routes.js","statementMap":{"0":{"start":{"line":2,"column":0},"end":{"line":2,"column":62}},"1":{"start":{"line":3,"column":18},"end":{"line":3,"column":36}},"2":{"start":{"line":4,"column":35},"end":{"line":4,"column":85}},"3":{"start":{"line":5,"column":15},"end":{"line":5,"column":38}},"4":{"start":{"line":34,"column":0},"end":{"line":34,"column":98}},"5":{"start":{"line":63,"column":0},"end":{"line":63,"column":102}},"6":{"start":{"line":96,"column":0},"end":{"line":96,"column":103}},"7":{"start":{"line":97,"column":0},"end":{"line":97,"column":25}}},"fnMap":{},"branchMap":{},"s":{"0":5,"1":5,"2":5,"3":5,"4":5,"5":5,"6":5,"7":5},"f":{},"b":{},"inputSourceMap":null,"_coverageSchema":"1a1c01bbd47fc00a2c39e90264f33305004495a9","hash":"5b72841e7cbd8acb769b757176f0a7c1f8f0e335"}
,"C:\\Users\\Ranjot Singh\\Documents\\rrc-polytech\\semester-3\\Back End Development\\capstone project\\dist\\api\\v1\\services\\authors.service.js": {"path":"C:\\Users\\Ranjot Singh\\Documents\\rrc-polytech\\semester-3\\Back End Development\\capstone project\\dist\\api\\v1\\services\\authors.service.js","statementMap":{"0":{"start":{"line":2,"column":0},"end":{"line":2,"column":62}},"1":{"start":{"line":3,"column":0},"end":{"line":3,"column":32}},"2":{"start":{"line":4,"column":29},"end":{"line":4,"column":74}},"3":{"start":{"line":5,"column":0},"end":{"line":11,"column":2}},"4":{"start":{"line":6,"column":18},"end":{"line":6,"column":65}},"5":{"start":{"line":7,"column":21},"end":{"line":7,"column":71}},"6":{"start":{"line":8,"column":24},"end":{"line":8,"column":77}},"7":{"start":{"line":9,"column":28},"end":{"line":9,"column":85}},"8":{"start":{"line":10,"column":20},"end":{"line":10,"column":69}}},"fnMap":{"0":{"name":"(anonymous_0)","decl":{"start":{"line":6,"column":12},"end":{"line":6,"column":13}},"loc":{"start":{"line":6,"column":18},"end":{"line":6,"column":65}},"line":6},"1":{"name":"(anonymous_1)","decl":{"start":{"line":7,"column":13},"end":{"line":7,"column":14}},"loc":{"start":{"line":7,"column":21},"end":{"line":7,"column":71}},"line":7},"2":{"name":"(anonymous_2)","decl":{"start":{"line":8,"column":12},"end":{"line":8,"column":13}},"loc":{"start":{"line":8,"column":24},"end":{"line":8,"column":77}},"line":8},"3":{"name":"(anonymous_3)","decl":{"start":{"line":9,"column":12},"end":{"line":9,"column":13}},"loc":{"start":{"line":9,"column":28},"end":{"line":9,"column":85}},"line":9},"4":{"name":"(anonymous_4)","decl":{"start":{"line":10,"column":12},"end":{"line":10,"column":13}},"loc":{"start":{"line":10,"column":20},"end":{"line":10,"column":69}},"line":10}},"branchMap":{},"s":{"0":5,"1":5,"2":5,"3":5,"4":1,"5":1,"6":1,"7":1,"8":1},"f":{"0":1,"1":1,"2":1,"3":1,"4":1},"b":{},"inputSourceMap":null,"_coverageSchema":"1a1c01bbd47fc00a2c39e90264f33305004495a9","hash":"9fbf4c85ea61245331bf0443c92941dfd545ec8f"}
,"C:\\Users\\Ranjot Singh\\Documents\\rrc-polytech\\semester-3\\Back End Development\\capstone project\\dist\\api\\v1\\services\\books.service.js": {"path":"C:\\Users\\Ranjot Singh\\Documents\\rrc-polytech\\semester-3\\Back End Development\\capstone project\\dist\\api\\v1\\services\\books.service.js","statementMap":{"0":{"start":{"line":2,"column":0},"end":{"line":2,"column":62}},"1":{"start":{"line":3,"column":0},"end":{"line":3,"column":30}},"2":{"start":{"line":4,"column":27},"end":{"line":4,"column":70}},"3":{"start":{"line":5,"column":0},"end":{"line":11,"column":2}},"4":{"start":{"line":6,"column":18},"end":{"line":6,"column":61}},"5":{"start":{"line":7,"column":21},"end":{"line":7,"column":67}},"6":{"start":{"line":8,"column":22},"end":{"line":8,"column":69}},"7":{"start":{"line":9,"column":26},"end":{"line":9,"column":77}},"8":{"start":{"line":10,"column":20},"end":{"line":10,"column":65}}},"fnMap":{"0":{"name":"(anonymous_0)","decl":{"start":{"line":6,"column":12},"end":{"line":6,"column":13}},"loc":{"start":{"line":6,"column":18},"end":{"line":6,"column":61}},"line":6},"1":{"name":"(anonymous_1)","decl":{"start":{"line":7,"column":13},"end":{"line":7,"column":14}},"loc":{"start":{"line":7,"column":21},"end":{"line":7,"column":67}},"line":7},"2":{"name":"(anonymous_2)","decl":{"start":{"line":8,"column":12},"end":{"line":8,"column":13}},"loc":{"start":{"line":8,"column":22},"end":{"line":8,"column":69}},"line":8},"3":{"name":"(anonymous_3)","decl":{"start":{"line":9,"column":12},"end":{"line":9,"column":13}},"loc":{"start":{"line":9,"column":26},"end":{"line":9,"column":77}},"line":9},"4":{"name":"(anonymous_4)","decl":{"start":{"line":10,"column":12},"end":{"line":10,"column":13}},"loc":{"start":{"line":10,"column":20},"end":{"line":10,"column":65}},"line":10}},"branchMap":{},"s":{"0":5,"1":5,"2":5,"3":5,"4":1,"5":1,"6":1,"7":1,"8":1},"f":{"0":1,"1":1,"2":1,"3":1,"4":1},"b":{},"inputSourceMap":null,"_coverageSchema":"1a1c01bbd47fc00a2c39e90264f33305004495a9","hash":"58ae3e6888f969c448ccf35a68735201ee6f236e"}
,"C:\\Users\\Ranjot Singh\\Documents\\rrc-polytech\\semester-3\\Back End Development\\capstone project\\dist\\api\\v1\\services\\loans.services.js": {"path":"C:\\Users\\Ranjot Singh\\Documents\\rrc-polytech\\semester-3\\Back End Development\\capstone project\\dist\\api\\v1\\services\\loans.services.js","statementMap":{"0":{"start":{"line":2,"column":22},"end":{"line":12,"column":3}},"1":{"start":{"line":3,"column":4},"end":{"line":3,"column":33}},"2":{"start":{"line":3,"column":26},"end":{"line":3,"column":33}},"3":{"start":{"line":4,"column":15},"end":{"line":4,"column":52}},"4":{"start":{"line":5,"column":4},"end":{"line":7,"column":5}},"5":{"start":{"line":6,"column":6},"end":{"line":6,"column":68}},"6":{"start":{"line":6,"column":51},"end":{"line":6,"column":63}},"7":{"start":{"line":8,"column":4},"end":{"line":8,"column":39}},"8":{"start":{"line":10,"column":4},"end":{"line":10,"column":33}},"9":{"start":{"line":10,"column":26},"end":{"line":10,"column":33}},"10":{"start":{"line":11,"column":4},"end":{"line":11,"column":17}},"11":{"start":{"line":13,"column":25},"end":{"line":17,"column":2}},"12":{"start":{"line":14,"column":4},"end":{"line":14,"column":72}},"13":{"start":{"line":16,"column":4},"end":{"line":16,"column":21}},"14":{"start":{"line":18,"column":19},"end":{"line":34,"column":4}},"15":{"start":{"line":19,"column":18},"end":{"line":26,"column":5}},"16":{"start":{"line":20,"column":8},"end":{"line":24,"column":10}},"17":{"start":{"line":21,"column":21},"end":{"line":21,"column":23}},"18":{"start":{"line":22,"column":12},"end":{"line":22,"column":95}},"19":{"start":{"line":22,"column":29},"end":{"line":22,"column":95}},"20":{"start":{"line":22,"column":77},"end":{"line":22,"column":95}},"21":{"start":{"line":23,"column":12},"end":{"line":23,"column":22}},"22":{"start":{"line":25,"column":8},"end":{"line":25,"column":26}},"23":{"start":{"line":27,"column":4},"end":{"line":33,"column":6}},"24":{"start":{"line":28,"column":8},"end":{"line":28,"column":46}},"25":{"start":{"line":28,"column":35},"end":{"line":28,"column":46}},"26":{"start":{"line":29,"column":21},"end":{"line":29,"column":23}},"27":{"start":{"line":30,"column":8},"end":{"line":30,"column":137}},"28":{"start":{"line":30,"column":25},"end":{"line":30,"column":137}},"29":{"start":{"line":30,"column":38},"end":{"line":30,"column":50}},"30":{"start":{"line":30,"column":56},"end":{"line":30,"column":57}},"31":{"start":{"line":30,"column":78},"end":{"line":30,"column":137}},"32":{"start":{"line":30,"column":102},"end":{"line":30,"column":137}},"33":{"start":{"line":31,"column":8},"end":{"line":31,"column":40}},"34":{"start":{"line":32,"column":8},"end":{"line":32,"column":22}},"35":{"start":{"line":35,"column":0},"end":{"line":35,"column":62}},"36":{"start":{"line":36,"column":0},"end":{"line":36,"column":49}},"37":{"start":{"line":37,"column":18},"end":{"line":37,"column":75}},"38":{"start":{"line":38,"column":19},"end":{"line":41,"column":1}},"39":{"start":{"line":40,"column":4},"end":{"line":40,"column":38}},"40":{"start":{"line":42,"column":0},"end":{"line":42,"column":32}},"41":{"start":{"line":43,"column":19},"end":{"line":45,"column":1}},"42":{"start":{"line":44,"column":4},"end":{"line":44,"column":38}},"43":{"start":{"line":46,"column":0},"end":{"line":46,"column":32}}},"fnMap":{"0":{"name":"(anonymous_0)","decl":{"start":{"line":2,"column":74},"end":{"line":2,"column":75}},"loc":{"start":{"line":2,"column":96},"end":{"line":9,"column":1}},"line":2},"1":{"name":"(anonymous_1)","decl":{"start":{"line":6,"column":38},"end":{"line":6,"column":39}},"loc":{"start":{"line":6,"column":49},"end":{"line":6,"column":65}},"line":6},"2":{"name":"(anonymous_2)","decl":{"start":{"line":9,"column":6},"end":{"line":9,"column":7}},"loc":{"start":{"line":9,"column":28},"end":{"line":12,"column":1}},"line":9},"3":{"name":"(anonymous_3)","decl":{"start":{"line":13,"column":80},"end":{"line":13,"column":81}},"loc":{"start":{"line":13,"column":95},"end":{"line":15,"column":1}},"line":13},"4":{"name":"(anonymous_4)","decl":{"start":{"line":15,"column":5},"end":{"line":15,"column":6}},"loc":{"start":{"line":15,"column":20},"end":{"line":17,"column":1}},"line":15},"5":{"name":"(anonymous_5)","decl":{"start":{"line":18,"column":51},"end":{"line":18,"column":52}},"loc":{"start":{"line":18,"column":63},"end":{"line":34,"column":1}},"line":18},"6":{"name":"(anonymous_6)","decl":{"start":{"line":19,"column":18},"end":{"line":19,"column":19}},"loc":{"start":{"line":19,"column":30},"end":{"line":26,"column":5}},"line":19},"7":{"name":"(anonymous_7)","decl":{"start":{"line":20,"column":48},"end":{"line":20,"column":49}},"loc":{"start":{"line":20,"column":61},"end":{"line":24,"column":9}},"line":20},"8":{"name":"(anonymous_8)","decl":{"start":{"line":27,"column":11},"end":{"line":27,"column":12}},"loc":{"start":{"line":27,"column":26},"end":{"line":33,"column":5}},"line":27},"9":{"name":"(anonymous_9)","decl":{"start":{"line":38,"column":19},"end":{"line":38,"column":20}},"loc":{"start":{"line":38,"column":29},"end":{"line":41,"column":1}},"line":38},"10":{"name":"(anonymous_10)","decl":{"start":{"line":43,"column":19},"end":{"line":43,"column":20}},"loc":{"start":{"line":43,"column":29},"end":{"line":45,"column":1}},"line":43}},"branchMap":{"0":{"loc":{"start":{"line":2,"column":22},"end":{"line":12,"column":3}},"type":"binary-expr","locations":[{"start":{"line":2,"column":23},"end":{"line":2,"column":27}},{"start":{"line":2,"column":31},"end":{"line":2,"column":51}},{"start":{"line":2,"column":57},"end":{"line":12,"column":2}}],"line":2},"1":{"loc":{"start":{"line":2,"column":57},"end":{"line":12,"column":2}},"type":"cond-expr","locations":[{"start":{"line":2,"column":74},"end":{"line":9,"column":1}},{"start":{"line":9,"column":6},"end":{"line":12,"column":1}}],"line":2},"2":{"loc":{"start":{"line":3,"column":4},"end":{"line":3,"column":33}},"type":"if","locations":[{"start":{"line":3,"column":4},"end":{"line":3,"column":33}},{"start":{},"end":{}}],"line":3},"3":{"loc":{"start":{"line":5,"column":4},"end":{"line":7,"column":5}},"type":"if","locations":[{"start":{"line":5,"column":4},"end":{"line":7,"column":5}},{"start":{},"end":{}}],"line":5},"4":{"loc":{"start":{"line":5,"column":8},"end":{"line":5,"column":85}},"type":"binary-expr","locations":[{"start":{"line":5,"column":8},"end":{"line":5,"column":13}},{"start":{"line":5,"column":18},"end":{"line":5,"column":84}}],"line":5},"5":{"loc":{"start":{"line":5,"column":18},"end":{"line":5,"column":84}},"type":"cond-expr","locations":[{"start":{"line":5,"column":34},"end":{"line":5,"column":47}},{"start":{"line":5,"column":50},"end":{"line":5,"column":84}}],"line":5},"6":{"loc":{"start":{"line":5,"column":50},"end":{"line":5,"column":84}},"type":"binary-expr","locations":[{"start":{"line":5,"column":50},"end":{"line":5,"column":63}},{"start":{"line":5,"column":67},"end":{"line":5,"column":84}}],"line":5},"7":{"loc":{"start":{"line":10,"column":4},"end":{"line":10,"column":33}},"type":"if","locations":[{"start":{"line":10,"column":4},"end":{"line":10,"column":33}},{"start":{},"end":{}}],"line":10},"8":{"loc":{"start":{"line":13,"column":25},"end":{"line":17,"column":2}},"type":"binary-expr","locations":[{"start":{"line":13,"column":26},"end":{"line":13,"column":30}},{"start":{"line":13,"column":34},"end":{"line":13,"column":57}},{"start":{"line":13,"column":63},"end":{"line":17,"column":1}}],"line":13},"9":{"loc":{"start":{"line":13,"column":63},"end":{"line":17,"column":1}},"type":"cond-expr","locations":[{"start":{"line":13,"column":80},"end":{"line":15,"column":1}},{"start":{"line":15,"column":5},"end":{"line":17,"column":1}}],"line":13},"10":{"loc":{"start":{"line":18,"column":19},"end":{"line":34,"column":4}},"type":"binary-expr","locations":[{"start":{"line":18,"column":20},"end":{"line":18,"column":24}},{"start":{"line":18,"column":28},"end":{"line":18,"column":45}},{"start":{"line":18,"column":50},"end":{"line":34,"column":4}}],"line":18},"11":{"loc":{"start":{"line":20,"column":18},"end":{"line":24,"column":9}},"type":"binary-expr","locations":[{"start":{"line":20,"column":18},"end":{"line":20,"column":44}},{"start":{"line":20,"column":48},"end":{"line":24,"column":9}}],"line":20},"12":{"loc":{"start":{"line":22,"column":29},"end":{"line":22,"column":95}},"type":"if","locations":[{"start":{"line":22,"column":29},"end":{"line":22,"column":95}},{"start":{},"end":{}}],"line":22},"13":{"loc":{"start":{"line":28,"column":8},"end":{"line":28,"column":46}},"type":"if","locations":[{"start":{"line":28,"column":8},"end":{"line":28,"column":46}},{"start":{},"end":{}}],"line":28},"14":{"loc":{"start":{"line":28,"column":12},"end":{"line":28,"column":33}},"type":"binary-expr","locations":[{"start":{"line":28,"column":12},"end":{"line":28,"column":15}},{"start":{"line":28,"column":19},"end":{"line":28,"column":33}}],"line":28},"15":{"loc":{"start":{"line":30,"column":8},"end":{"line":30,"column":137}},"type":"if","locations":[{"start":{"line":30,"column":8},"end":{"line":30,"column":137}},{"start":{},"end":{}}],"line":30},"16":{"loc":{"start":{"line":30,"column":78},"end":{"line":30,"column":137}},"type":"if","locations":[{"start":{"line":30,"column":78},"end":{"line":30,"column":137}},{"start":{},"end":{}}],"line":30}},"s":{"0":5,"1":0,"2":0,"3":0,"4":0,"5":0,"6":0,"7":0,"8":0,"9":0,"10":0,"11":5,"12":0,"13":0,"14":5,"15":5,"16":0,"17":0,"18":0,"19":0,"20":0,"21":0,"22":0,"23":5,"24":5,"25":5,"26":0,"27":0,"28":0,"29":0,"30":0,"31":0,"32":0,"33":0,"34":0,"35":5,"36":5,"37":5,"38":5,"39":1,"40":5,"41":5,"42":1,"43":5},"f":{"0":0,"1":0,"2":0,"3":0,"4":0,"5":5,"6":0,"7":0,"8":5,"9":1,"10":1},"b":{"0":[5,5,5],"1":[5,0],"2":[0,0],"3":[0,0],"4":[0,0],"5":[0,0],"6":[0,0],"7":[0,0],"8":[5,5,5],"9":[5,0],"10":[5,5,5],"11":[0,0],"12":[0,0],"13":[5,0],"14":[5,5],"15":[0,0],"16":[0,0]},"inputSourceMap":null,"_coverageSchema":"1a1c01bbd47fc00a2c39e90264f33305004495a9","hash":"02334f6bf554246329e16355934e4e43361c6e32"}
,"C:\\Users\\Ranjot Singh\\Documents\\rrc-polytech\\semester-3\\Back End Development\\capstone project\\dist\\api\\v1\\services\\members.service.js": {"path":"C:\\Users\\Ranjot Singh\\Documents\\rrc-polytech\\semester-3\\Back End Development\\capstone project\\dist\\api\\v1\\services\\members.service.js","statementMap":{"0":{"start":{"line":2,"column":0},"end":{"line":2,"column":62}},"1":{"start":{"line":3,"column":0},"end":{"line":3,"column":32}},"2":{"start":{"line":4,"column":29},"end":{"line":4,"column":74}},"3":{"start":{"line":5,"column":0},"end":{"line":11,"column":2}},"4":{"start":{"line":6,"column":18},"end":{"line":6,"column":65}},"5":{"start":{"line":7,"column":21},"end":{"line":7,"column":71}},"6":{"start":{"line":8,"column":24},"end":{"line":8,"column":77}},"7":{"start":{"line":9,"column":28},"end":{"line":9,"column":85}},"8":{"start":{"line":10,"column":20},"end":{"line":10,"column":69}}},"fnMap":{"0":{"name":"(anonymous_0)","decl":{"start":{"line":6,"column":12},"end":{"line":6,"column":13}},"loc":{"start":{"line":6,"column":18},"end":{"line":6,"column":65}},"line":6},"1":{"name":"(anonymous_1)","decl":{"start":{"line":7,"column":13},"end":{"line":7,"column":14}},"loc":{"start":{"line":7,"column":21},"end":{"line":7,"column":71}},"line":7},"2":{"name":"(anonymous_2)","decl":{"start":{"line":8,"column":12},"end":{"line":8,"column":13}},"loc":{"start":{"line":8,"column":24},"end":{"line":8,"column":77}},"line":8},"3":{"name":"(anonymous_3)","decl":{"start":{"line":9,"column":12},"end":{"line":9,"column":13}},"loc":{"start":{"line":9,"column":28},"end":{"line":9,"column":85}},"line":9},"4":{"name":"(anonymous_4)","decl":{"start":{"line":10,"column":12},"end":{"line":10,"column":13}},"loc":{"start":{"line":10,"column":20},"end":{"line":10,"column":69}},"line":10}},"branchMap":{},"s":{"0":5,"1":5,"2":5,"3":5,"4":1,"5":1,"6":1,"7":1,"8":1},"f":{"0":1,"1":1,"2":1,"3":1,"4":1},"b":{},"inputSourceMap":null,"_coverageSchema":"1a1c01bbd47fc00a2c39e90264f33305004495a9","hash":"a95586af23077e11bfc5cec49ec7d8e2e01368f7"}
,"C:\\Users\\Ranjot Singh\\Documents\\rrc-polytech\\semester-3\\Back End Development\\capstone project\\dist\\api\\v1\\services\\notification.services.js": {"path":"C:\\Users\\Ranjot Singh\\Documents\\rrc-polytech\\semester-3\\Back End Development\\capstone project\\dist\\api\\v1\\services\\notification.services.js","statementMap":{"0":{"start":{"line":2,"column":0},"end":{"line":2,"column":62}},"1":{"start":{"line":3,"column":0},"end":{"line":3,"column":37}},"2":{"start":{"line":4,"column":17},"end":{"line":4,"column":50}},"3":{"start":{"line":5,"column":0},"end":{"line":80,"column":2}},"4":{"start":{"line":7,"column":8},"end":{"line":20,"column":9}},"5":{"start":{"line":8,"column":25},"end":{"line":13,"column":13}},"6":{"start":{"line":14,"column":12},"end":{"line":14,"column":49}},"7":{"start":{"line":15,"column":12},"end":{"line":15,"column":65}},"8":{"start":{"line":18,"column":12},"end":{"line":18,"column":58}},"9":{"start":{"line":19,"column":12},"end":{"line":19,"column":65}},"10":{"start":{"line":23,"column":8},"end":{"line":36,"column":9}},"11":{"start":{"line":24,"column":25},"end":{"line":29,"column":13}},"12":{"start":{"line":30,"column":12},"end":{"line":30,"column":49}},"13":{"start":{"line":31,"column":12},"end":{"line":31,"column":71}},"14":{"start":{"line":34,"column":12},"end":{"line":34,"column":58}},"15":{"start":{"line":35,"column":12},"end":{"line":35,"column":71}},"16":{"start":{"line":39,"column":8},"end":{"line":52,"column":9}},"17":{"start":{"line":40,"column":25},"end":{"line":45,"column":13}},"18":{"start":{"line":46,"column":12},"end":{"line":46,"column":49}},"19":{"start":{"line":47,"column":12},"end":{"line":47,"column":63}},"20":{"start":{"line":50,"column":12},"end":{"line":50,"column":58}},"21":{"start":{"line":51,"column":12},"end":{"line":51,"column":63}},"22":{"start":{"line":55,"column":8},"end":{"line":78,"column":9}},"23":{"start":{"line":56,"column":25},"end":{"line":61,"column":13}},"24":{"start":{"line":62,"column":12},"end":{"line":62,"column":49}},"25":{"start":{"line":63,"column":12},"end":{"line":68,"column":14}},"26":{"start":{"line":71,"column":12},"end":{"line":71,"column":58}},"27":{"start":{"line":72,"column":12},"end":{"line":77,"column":14}}},"fnMap":{"0":{"name":"(anonymous_0)","decl":{"start":{"line":6,"column":34},"end":{"line":6,"column":35}},"loc":{"start":{"line":6,"column":57},"end":{"line":21,"column":5}},"line":6},"1":{"name":"(anonymous_1)","decl":{"start":{"line":22,"column":30},"end":{"line":22,"column":31}},"loc":{"start":{"line":22,"column":58},"end":{"line":37,"column":5}},"line":22},"2":{"name":"(anonymous_2)","decl":{"start":{"line":38,"column":26},"end":{"line":38,"column":27}},"loc":{"start":{"line":38,"column":51},"end":{"line":53,"column":5}},"line":38},"3":{"name":"(anonymous_3)","decl":{"start":{"line":54,"column":24},"end":{"line":54,"column":25}},"loc":{"start":{"line":54,"column":61},"end":{"line":79,"column":5}},"line":54}},"branchMap":{},"s":{"0":5,"1":5,"2":5,"3":5,"4":2,"5":2,"6":2,"7":0,"8":1,"9":1,"10":1,"11":1,"12":1,"13":0,"14":1,"15":1,"16":0,"17":0,"18":0,"19":0,"20":0,"21":0,"22":1,"23":1,"24":1,"25":0,"26":1,"27":1},"f":{"0":2,"1":1,"2":0,"3":1},"b":{},"inputSourceMap":null,"_coverageSchema":"1a1c01bbd47fc00a2c39e90264f33305004495a9","hash":"b33eccda9651255be59cbd2397e967ff7f5a3fe9"}
,"C:\\Users\\Ranjot Singh\\Documents\\rrc-polytech\\semester-3\\Back End Development\\capstone project\\dist\\config\\mailer.js": {"path":"C:\\Users\\Ranjot Singh\\Documents\\rrc-polytech\\semester-3\\Back End Development\\capstone project\\dist\\config\\mailer.js","statementMap":{"0":{"start":{"line":2,"column":22},"end":{"line":4,"column":1}},"1":{"start":{"line":3,"column":4},"end":{"line":3,"column":62}},"2":{"start":{"line":5,"column":0},"end":{"line":5,"column":62}},"3":{"start":{"line":6,"column":0},"end":{"line":6,"column":24}},"4":{"start":{"line":7,"column":21},"end":{"line":7,"column":59}},"5":{"start":{"line":8,"column":17},"end":{"line":8,"column":51}},"6":{"start":{"line":9,"column":0},"end":{"line":9,"column":26}},"7":{"start":{"line":10,"column":0},"end":{"line":18,"column":3}}},"fnMap":{"0":{"name":"(anonymous_0)","decl":{"start":{"line":2,"column":56},"end":{"line":2,"column":57}},"loc":{"start":{"line":2,"column":71},"end":{"line":4,"column":1}},"line":2}},"branchMap":{"0":{"loc":{"start":{"line":2,"column":22},"end":{"line":4,"column":1}},"type":"binary-expr","locations":[{"start":{"line":2,"column":23},"end":{"line":2,"column":27}},{"start":{"line":2,"column":31},"end":{"line":2,"column":51}},{"start":{"line":2,"column":56},"end":{"line":4,"column":1}}],"line":2},"1":{"loc":{"start":{"line":3,"column":11},"end":{"line":3,"column":61}},"type":"cond-expr","locations":[{"start":{"line":3,"column":37},"end":{"line":3,"column":40}},{"start":{"line":3,"column":43},"end":{"line":3,"column":61}}],"line":3},"2":{"loc":{"start":{"line":3,"column":12},"end":{"line":3,"column":33}},"type":"binary-expr","locations":[{"start":{"line":3,"column":12},"end":{"line":3,"column":15}},{"start":{"line":3,"column":19},"end":{"line":3,"column":33}}],"line":3}},"s":{"0":5,"1":10,"2":5,"3":5,"4":5,"5":5,"6":5,"7":5},"f":{"0":10},"b":{"0":[5,5,5],"1":[0,10],"2":[10,10]},"inputSourceMap":null,"_coverageSchema":"1a1c01bbd47fc00a2c39e90264f33305004495a9","hash":"21c9108e059faacaa76873203cf4421aed1b3cc7"}
,"C:\\Users\\Ranjot Singh\\Documents\\rrc-polytech\\semester-3\\Back End Development\\capstone project\\dist\\config\\swagger.js": {"path":"C:\\Users\\Ranjot Singh\\Documents\\rrc-polytech\\semester-3\\Back End Development\\capstone project\\dist\\config\\swagger.js","statementMap":{"0":{"start":{"line":2,"column":22},"end":{"line":4,"column":1}},"1":{"start":{"line":3,"column":4},"end":{"line":3,"column":62}},"2":{"start":{"line":5,"column":0},"end":{"line":5,"column":62}},"3":{"start":{"line":6,"column":29},"end":{"line":6,"column":75}},"4":{"start":{"line":7,"column":25},"end":{"line":7,"column":52}},"5":{"start":{"line":8,"column":21},"end":{"line":11,"column":1}},"6":{"start":{"line":9,"column":18},"end":{"line":9,"column":61}},"7":{"start":{"line":10,"column":4},"end":{"line":10,"column":104}},"8":{"start":{"line":12,"column":0},"end":{"line":12,"column":31}}},"fnMap":{"0":{"name":"(anonymous_0)","decl":{"start":{"line":2,"column":56},"end":{"line":2,"column":57}},"loc":{"start":{"line":2,"column":71},"end":{"line":4,"column":1}},"line":2},"1":{"name":"(anonymous_1)","decl":{"start":{"line":8,"column":21},"end":{"line":8,"column":22}},"loc":{"start":{"line":8,"column":30},"end":{"line":11,"column":1}},"line":8}},"branchMap":{"0":{"loc":{"start":{"line":2,"column":22},"end":{"line":4,"column":1}},"type":"binary-expr","locations":[{"start":{"line":2,"column":23},"end":{"line":2,"column":27}},{"start":{"line":2,"column":31},"end":{"line":2,"column":51}},{"start":{"line":2,"column":56},"end":{"line":4,"column":1}}],"line":2},"1":{"loc":{"start":{"line":3,"column":11},"end":{"line":3,"column":61}},"type":"cond-expr","locations":[{"start":{"line":3,"column":37},"end":{"line":3,"column":40}},{"start":{"line":3,"column":43},"end":{"line":3,"column":61}}],"line":3},"2":{"loc":{"start":{"line":3,"column":12},"end":{"line":3,"column":33}},"type":"binary-expr","locations":[{"start":{"line":3,"column":12},"end":{"line":3,"column":15}},{"start":{"line":3,"column":19},"end":{"line":3,"column":33}}],"line":3}},"s":{"0":5,"1":5,"2":5,"3":5,"4":5,"5":5,"6":5,"7":5,"8":5},"f":{"0":5,"1":5},"b":{"0":[5,5,5],"1":[0,5],"2":[5,5]},"inputSourceMap":null,"_coverageSchema":"1a1c01bbd47fc00a2c39e90264f33305004495a9","hash":"7602b516d8139b05b9006ab69aec1f86f1941346"}
,"C:\\Users\\Ranjot Singh\\Documents\\rrc-polytech\\semester-3\\Back End Development\\capstone project\\dist\\config\\swaggerOptions.js": {"path":"C:\\Users\\Ranjot Singh\\Documents\\rrc-polytech\\semester-3\\Back End Development\\capstone project\\dist\\config\\swaggerOptions.js","statementMap":{"0":{"start":{"line":2,"column":22},"end":{"line":4,"column":1}},"1":{"start":{"line":3,"column":4},"end":{"line":3,"column":62}},"2":{"start":{"line":5,"column":0},"end":{"line":5,"column":62}},"3":{"start":{"line":6,"column":0},"end":{"line":6,"column":37}},"4":{"start":{"line":7,"column":24},"end":{"line":7,"column":65}},"5":{"start":{"line":8,"column":23},"end":{"line":38,"column":1}},"6":{"start":{"line":40,"column":28},"end":{"line":42,"column":1}},"7":{"start":{"line":41,"column":4},"end":{"line":41,"column":56}},"8":{"start":{"line":43,"column":0},"end":{"line":43,"column":50}}},"fnMap":{"0":{"name":"(anonymous_0)","decl":{"start":{"line":2,"column":56},"end":{"line":2,"column":57}},"loc":{"start":{"line":2,"column":71},"end":{"line":4,"column":1}},"line":2},"1":{"name":"(anonymous_1)","decl":{"start":{"line":40,"column":28},"end":{"line":40,"column":29}},"loc":{"start":{"line":40,"column":34},"end":{"line":42,"column":1}},"line":40}},"branchMap":{"0":{"loc":{"start":{"line":2,"column":22},"end":{"line":4,"column":1}},"type":"binary-expr","locations":[{"start":{"line":2,"column":23},"end":{"line":2,"column":27}},{"start":{"line":2,"column":31},"end":{"line":2,"column":51}},{"start":{"line":2,"column":56},"end":{"line":4,"column":1}}],"line":2},"1":{"loc":{"start":{"line":3,"column":11},"end":{"line":3,"column":61}},"type":"cond-expr","locations":[{"start":{"line":3,"column":37},"end":{"line":3,"column":40}},{"start":{"line":3,"column":43},"end":{"line":3,"column":61}}],"line":3},"2":{"loc":{"start":{"line":3,"column":12},"end":{"line":3,"column":33}},"type":"binary-expr","locations":[{"start":{"line":3,"column":12},"end":{"line":3,"column":15}},{"start":{"line":3,"column":19},"end":{"line":3,"column":33}}],"line":3}},"s":{"0":5,"1":5,"2":5,"3":5,"4":5,"5":5,"6":5,"7":5,"8":5},"f":{"0":5,"1":5},"b":{"0":[5,5,5],"1":[0,5],"2":[5,5]},"inputSourceMap":null,"_coverageSchema":"1a1c01bbd47fc00a2c39e90264f33305004495a9","hash":"c943d697baf557365c73d4d47d3d5767088c7b5a"}
,"C:\\Users\\Ranjot Singh\\Documents\\rrc-polytech\\semester-3\\Back End Development\\capstone project\\src\\app.ts": {"path":"C:\\Users\\Ranjot Singh\\Documents\\rrc-polytech\\semester-3\\Back End Development\\capstone project\\src\\app.ts","statementMap":{"0":{"start":{"line":1,"column":0},"end":{"line":1,"column":53}},"1":{"start":{"line":2,"column":0},"end":{"line":2,"column":24}},"2":{"start":{"line":3,"column":0},"end":{"line":3,"column":28}},"3":{"start":{"line":4,"column":0},"end":{"line":4,"column":55}},"4":{"start":{"line":5,"column":0},"end":{"line":5,"column":59}},"5":{"start":{"line":6,"column":0},"end":{"line":6,"column":59}},"6":{"start":{"line":7,"column":0},"end":{"line":7,"column":44}},"7":{"start":{"line":8,"column":0},"end":{"line":8,"column":55}},"8":{"start":{"line":9,"column":0},"end":{"line":9,"column":71}},"9":{"start":{"line":10,"column":0},"end":{"line":10,"column":56}},"10":{"start":{"line":11,"column":0},"end":{"line":11,"column":49}},"11":{"start":{"line":14,"column":0},"end":{"line":14,"column":16}},"12":{"start":{"line":16,"column":12},"end":{"line":16,"column":21}},"13":{"start":{"line":19,"column":0},"end":{"line":19,"column":27}},"14":{"start":{"line":22,"column":0},"end":{"line":22,"column":32}},"15":{"start":{"line":25,"column":0},"end":{"line":25,"column":24}},"16":{"start":{"line":28,"column":0},"end":{"line":28,"column":38}},"17":{"start":{"line":29,"column":0},"end":{"line":29,"column":54}},"18":{"start":{"line":30,"column":0},"end":{"line":30,"column":38}},"19":{"start":{"line":31,"column":0},"end":{"line":31,"column":42}},"20":{"start":{"line":32,"column":0},"end":{"line":32,"column":42}},"21":{"start":{"line":33,"column":0},"end":{"line":33,"column":18}},"22":{"start":{"line":36,"column":0},"end":{"line":38,"column":3}},"23":{"start":{"line":37,"column":2},"end":{"line":37,"column":30}},"24":{"start":{"line":40,"column":0},"end":{"line":40,"column":19}}},"fnMap":{"0":{"name":"(anonymous_1)","decl":{"start":{"line":36,"column":13},"end":{"line":36,"column":14}},"loc":{"start":{"line":36,"column":45},"end":{"line":38,"column":1}}}},"branchMap":{},"s":{"0":5,"1":5,"2":5,"3":5,"4":5,"5":5,"6":5,"7":5,"8":5,"9":5,"10":5,"11":5,"12":5,"13":5,"14":5,"15":5,"16":5,"17":5,"18":5,"19":5,"20":5,"21":5,"22":5,"23":0,"24":5},"f":{"0":0},"b":{}}
,"C:\\Users\\Ranjot Singh\\Documents\\rrc-polytech\\semester-3\\Back End Development\\capstone project\\src\\api\\v1\\controllers\\authors.controller.ts": {"path":"C:\\Users\\Ranjot Singh\\Documents\\rrc-polytech\\semester-3\\Back End Development\\capstone project\\src\\api\\v1\\controllers\\authors.controller.ts","statementMap":{"0":{"start":{"line":2,"column":0},"end":{"line":2,"column":61}},"1":{"start":{"line":4,"column":13},"end":{"line":31,"column":2}},"2":{"start":{"line":5,"column":43},"end":{"line":5,"column":76}},"3":{"start":{"line":8,"column":15},"end":{"line":8,"column":28}},"4":{"start":{"line":9,"column":19},"end":{"line":9,"column":45}},"5":{"start":{"line":10,"column":4},"end":{"line":10,"column":78}},"6":{"start":{"line":10,"column":17},"end":{"line":10,"column":78}},"7":{"start":{"line":11,"column":4},"end":{"line":11,"column":21}},"8":{"start":{"line":15,"column":19},"end":{"line":15,"column":50}},"9":{"start":{"line":16,"column":4},"end":{"line":16,"column":33}},"10":{"start":{"line":20,"column":15},"end":{"line":20,"column":28}},"11":{"start":{"line":21,"column":26},"end":{"line":21,"column":61}},"12":{"start":{"line":22,"column":4},"end":{"line":22,"column":28}},"13":{"start":{"line":26,"column":15},"end":{"line":26,"column":28}},"14":{"start":{"line":27,"column":26},"end":{"line":27,"column":51}},"15":{"start":{"line":28,"column":4},"end":{"line":28,"column":85}},"16":{"start":{"line":28,"column":24},"end":{"line":28,"column":85}},"17":{"start":{"line":29,"column":4},"end":{"line":29,"column":57}}},"fnMap":{"0":{"name":"(anonymous_0)","decl":{"start":{"line":5,"column":10},"end":{"line":5,"column":11}},"loc":{"start":{"line":5,"column":43},"end":{"line":5,"column":76}}},"1":{"name":"(anonymous_1)","decl":{"start":{"line":7,"column":11},"end":{"line":7,"column":12}},"loc":{"start":{"line":7,"column":43},"end":{"line":12,"column":3}}},"2":{"name":"(anonymous_2)","decl":{"start":{"line":14,"column":10},"end":{"line":14,"column":11}},"loc":{"start":{"line":14,"column":42},"end":{"line":17,"column":3}}},"3":{"name":"(anonymous_3)","decl":{"start":{"line":19,"column":10},"end":{"line":19,"column":11}},"loc":{"start":{"line":19,"column":42},"end":{"line":23,"column":3}}},"4":{"name":"(anonymous_4)","decl":{"start":{"line":25,"column":10},"end":{"line":25,"column":11}},"loc":{"start":{"line":25,"column":42},"end":{"line":30,"column":3}}}},"branchMap":{"0":{"loc":{"start":{"line":10,"column":4},"end":{"line":10,"column":78}},"type":"if","locations":[{"start":{"line":10,"column":4},"end":{"line":10,"column":78}},{"start":{},"end":{}}]},"1":{"loc":{"start":{"line":28,"column":4},"end":{"line":28,"column":85}},"type":"if","locations":[{"start":{"line":28,"column":4},"end":{"line":28,"column":85}},{"start":{},"end":{}}]}},"s":{"0":5,"1":5,"2":1,"3":1,"4":1,"5":1,"6":0,"7":1,"8":1,"9":1,"10":1,"11":1,"12":1,"13":1,"14":1,"15":1,"16":0,"17":1},"f":{"0":1,"1":1,"2":1,"3":1,"4":1},"b":{"0":[0,1],"1":[0,1]}}
[...]
,"C:\\Users\\Ranjot Singh\\Documents\\rrc-polytech\\semester-3\\Back End Development\\capstone project\\src\\api\\v1\\routes\\authors.routes.ts": {"path":"C:\\Users\\Ranjot Singh\\Documents\\rrc-polytech\\semester-3\\Back End Development\\capstone project\\src\\api\\v1\\routes\\authors.routes.ts","statementMap":{"0":{"start":{"line":1,"column":0},"end":{"line":1,"column":33}},"1":{"start":{"line":2,"column":0},"end":{"line":2,"column":70}},"2":{"start":{"line":4,"column":15},"end":{"line":4,"column":23}},"3":{"start":{"line":17,"column":0},"end":{"line":17,"column":42}},"4":{"start":{"line":39,"column":0},"end":{"line":39,"column":46}},"5":{"start":{"line":68,"column":0},"end":{"line":68,"column":43}},"6":{"start":{"line":104,"column":0},"end":{"line":104,"column":45}},"7":{"start":{"line":124,"column":0},"end":{"line":124,"column":48}},"8":{"start":{"line":126,"column":0},"end":{"line":126,"column":22}}},"fnMap":{},"branchMap":{},"s":{"0":5,"1":5,"2":5,"3":5,"4":5,"5":5,"6":5,"7":5,"8":5},"f":{},"b":{}}
,"C:\\Users\\Ranjot Singh\\Documents\\rrc-polytech\\semester-3\\Back End Development\\capstone project\\src\\api\\v1\\routes\\books.routes.ts": {"path":"C:\\Users\\Ranjot Singh\\Documents\\rrc-polytech\\semester-3\\Back End Development\\capstone project\\src\\api\\v1\\routes\\books.routes.ts","statementMap":{"0":{"start":{"line":1,"column":0},"end":{"line":1,"column":33}},"1":{"start":{"line":2,"column":0},"end":{"line":2,"column":66}},"2":{"start":{"line":4,"column":15},"end":{"line":4,"column":23}},"3":{"start":{"line":17,"column":0},"end":{"line":17,"column":40}},"4":{"start":{"line":39,"column":0},"end":{"line":39,"column":44}},"5":{"start":{"line":75,"column":0},"end":{"line":75,"column":41}},"6":{"start":{"line":118,"column":0},"end":{"line":118,"column":43}},"7":{"start":{"line":138,"column":0},"end":{"line":138,"column":46}},"8":{"start":{"line":140,"column":0},"end":{"line":140,"column":22}}},"fnMap":{},"branchMap":{},"s":{"0":5,"1":5,"2":5,"3":5,"4":5,"5":5,"6":5,"7":5,"8":5},"f":{},"b":{}}
,"C:\\Users\\Ranjot Singh\\Documents\\rrc-polytech\\semester-3\\Back End Development\\capstone project\\src\\api\\v1\\routes\\loans.routes.ts": {"path":"C:\\Users\\Ranjot Singh\\Documents\\rrc-polytech\\semester-3\\Back End Development\\capstone project\\src\\api\\v1\\routes\\loans.routes.ts","statementMap":{"0":{"start":{"line":1,"column":0},"end":{"line":1,"column":33}},"1":{"start":{"line":2,"column":0},"end":{"line":2,"column":73}},"2":{"start":{"line":4,"column":15},"end":{"line":4,"column":23}},"3":{"start":{"line":31,"column":0},"end":{"line":31,"column":35}},"4":{"start":{"line":58,"column":0},"end":{"line":58,"column":35}},"5":{"start":{"line":60,"column":0},"end":{"line":60,"column":22}}},"fnMap":{},"branchMap":{},"s":{"0":5,"1":5,"2":5,"3":5,"4":5,"5":5},"f":{},"b":{}}
,"C:\\Users\\Ranjot Singh\\Documents\\rrc-polytech\\semester-3\\Back End Development\\capstone project\\src\\api\\v1\\routes\\members.routes.ts": {"path":"C:\\Users\\Ranjot Singh\\Documents\\rrc-polytech\\semester-3\\Back End Development\\capstone project\\src\\api\\v1\\routes\\members.routes.ts","statementMap":{"0":{"start":{"line":1,"column":0},"end":{"line":1,"column":33}},"1":{"start":{"line":2,"column":0},"end":{"line":2,"column":70}},"2":{"start":{"line":4,"column":15},"end":{"line":4,"column":23}},"3":{"start":{"line":17,"column":0},"end":{"line":17,"column":42}},"4":{"start":{"line":39,"column":0},"end":{"line":39,"column":46}},"5":{"start":{"line":72,"column":0},"end":{"line":72,"column":43}},"6":{"start":{"line":110,"column":0},"end":{"line":110,"column":45}},"7":{"start":{"line":130,"column":0},"end":{"line":130,"column":48}},"8":{"start":{"line":132,"column":0},"end":{"line":132,"column":22}}},"fnMap":{},"branchMap":{},"s":{"0":5,"1":5,"2":5,"3":5,"4":5,"5":5,"6":5,"7":5,"8":5},"f":{},"b":{}}
,"C:\\Users\\Ranjot Singh\\Documents\\rrc-polytech\\semester-3\\Back End Development\\capstone project\\src\\api\\v1\\routes\\notifications.routes.ts": {"path":"C:\\Users\\Ranjot Singh\\Documents\\rrc-polytech\\semester-3\\Back End Development\\capstone project\\src\\api\\v1\\routes\\notifications.routes.ts","statementMap":{"0":{"start":{"line":1,"column":0},"end":{"line":1,"column":33}},"1":{"start":{"line":2,"column":0},"end":{"line":2,"column":82}},"2":{"start":{"line":4,"column":15},"end":{"line":4,"column":23}},"3":{"start":{"line":34,"column":0},"end":{"line":34,"column":71}},"4":{"start":{"line":64,"column":0},"end":{"line":64,"column":75}},"5":{"start":{"line":98,"column":0},"end":{"line":98,"column":76}},"6":{"start":{"line":100,"column":0},"end":{"line":100,"column":22}}},"fnMap":{},"branchMap":{},"s":{"0":5,"1":5,"2":5,"3":5,"4":5,"5":5,"6":5},"f":{},"b":{}}
,"C:\\Users\\Ranjot Singh\\Documents\\rrc-polytech\\semester-3\\Back End Development\\capstone project\\src\\api\\v1\\services\\authors.service.ts": {"path":"C:\\Users\\Ranjot Singh\\Documents\\rrc-polytech\\semester-3\\Back End Development\\capstone project\\src\\api\\v1\\services\\authors.service.ts","statementMap":{"0":{"start":{"line":1,"column":0},"end":{"line":1,"column":71}},"1":{"start":{"line":3,"column":13},"end":{"line":9,"column":2}},"2":{"start":{"line":4,"column":16},"end":{"line":4,"column":42}},"3":{"start":{"line":5,"column":27},"end":{"line":5,"column":56}},"4":{"start":{"line":6,"column":27},"end":{"line":6,"column":59}},"5":{"start":{"line":7,"column":39},"end":{"line":7,"column":75}},"6":{"start":{"line":8,"column":26},"end":{"line":8,"column":54}}},"fnMap":{"0":{"name":"(anonymous_0)","decl":{"start":{"line":4,"column":10},"end":{"line":4,"column":13}},"loc":{"start":{"line":4,"column":16},"end":{"line":4,"column":42}}},"1":{"name":"(anonymous_1)","decl":{"start":{"line":5,"column":11},"end":{"line":5,"column":12}},"loc":{"start":{"line":5,"column":27},"end":{"line":5,"column":56}}},"2":{"name":"(anonymous_2)","decl":{"start":{"line":6,"column":10},"end":{"line":6,"column":11}},"loc":{"start":{"line":6,"column":27},"end":{"line":6,"column":59}}},"3":{"name":"(anonymous_3)","decl":{"start":{"line":7,"column":10},"end":{"line":7,"column":11}},"loc":{"start":{"line":7,"column":39},"end":{"line":7,"column":75}}},"4":{"name":"(anonymous_4)","decl":{"start":{"line":8,"column":10},"end":{"line":8,"column":11}},"loc":{"start":{"line":8,"column":26},"end":{"line":8,"column":54}}}},"branchMap":{},"s":{"0":5,"1":5,"2":1,"3":1,"4":1,"5":1,"6":1},"f":{"0":1,"1":1,"2":1,"3":1,"4":1},"b":{}}
,"C:\\Users\\Ranjot Singh\\Documents\\rrc-polytech\\semester-3\\Back End Development\\capstone project\\src\\api\\v1\\services\\books.service.ts": {"path":"C:\\Users\\Ranjot Singh\\Documents\\rrc-polytech\\semester-3\\Back End Development\\capstone project\\src\\api\\v1\\services\\books.service.ts","statementMap":{"0":{"start":{"line":1,"column":0},"end":{"line":1,"column":67}},"1":{"start":{"line":3,"column":13},"end":{"line":9,"column":2}},"2":{"start":{"line":4,"column":16},"end":{"line":4,"column":40}},"3":{"start":{"line":5,"column":27},"end":{"line":5,"column":54}},"4":{"start":{"line":6,"column":25},"end":{"line":6,"column":53}},"5":{"start":{"line":7,"column":37},"end":{"line":7,"column":69}},"6":{"start":{"line":8,"column":26},"end":{"line":8,"column":52}}},"fnMap":{"0":{"name":"(anonymous_0)","decl":{"start":{"line":4,"column":10},"end":{"line":4,"column":13}},"loc":{"start":{"line":4,"column":16},"end":{"line":4,"column":40}}},"1":{"name":"(anonymous_1)","decl":{"start":{"line":5,"column":11},"end":{"line":5,"column":12}},"loc":{"start":{"line":5,"column":27},"end":{"line":5,"column":54}}},"2":{"name":"(anonymous_2)","decl":{"start":{"line":6,"column":10},"end":{"line":6,"column":11}},"loc":{"start":{"line":6,"column":25},"end":{"line":6,"column":53}}},"3":{"name":"(anonymous_3)","decl":{"start":{"line":7,"column":10},"end":{"line":7,"column":11}},"loc":{"start":{"line":7,"column":37},"end":{"line":7,"column":69}}},"4":{"name":"(anonymous_4)","decl":{"start":{"line":8,"column":10},"end":{"line":8,"column":11}},"loc":{"start":{"line":8,"column":26},"end":{"line":8,"column":52}}}},"branchMap":{},"s":{"0":5,"1":5,"2":1,"3":1,"4":1,"5":1,"6":1},"f":{"0":1,"1":1,"2":1,"3":1,"4":1},"b":{}}
,"C:\\Users\\Ranjot Singh\\Documents\\rrc-polytech\\semester-3\\Back End Development\\capstone project\\src\\api\\v1\\services\\loans.services.ts": {"path":"C:\\Users\\Ranjot Singh\\Documents\\rrc-polytech\\semester-3\\Back End Development\\capstone project\\src\\api\\v1\\services\\loans.services.ts","statementMap":{"0":{"start":{"line":1,"column":0},"end":{"line":1,"column":62}},"1":{"start":{"line":3,"column":26},"end":{"line":6,"column":1}},"2":{"start":{"line":5,"column":2},"end":{"line":5,"column":36}},"3":{"start":{"line":3,"column":13},"end":{"line":3,"column":26}},"4":{"start":{"line":8,"column":26},"end":{"line":10,"column":1}},"5":{"start":{"line":9,"column":2},"end":{"line":9,"column":36}},"6":{"start":{"line":8,"column":13},"end":{"line":8,"column":26}}},"fnMap":{"0":{"name":"(anonymous_9)","decl":{"start":{"line":3,"column":26},"end":{"line":3,"column":27}},"loc":{"start":{"line":3,"column":40},"end":{"line":6,"column":1}}},"1":{"name":"(anonymous_10)","decl":{"start":{"line":8,"column":26},"end":{"line":8,"column":27}},"loc":{"start":{"line":8,"column":40},"end":{"line":10,"column":1}}}},"branchMap":{},"s":{"0":5,"1":5,"2":1,"3":5,"4":5,"5":1,"6":5},"f":{"0":1,"1":1},"b":{}}
,"C:\\Users\\Ranjot Singh\\Documents\\rrc-polytech\\semester-3\\Back End Development\\capstone project\\src\\api\\v1\\services\\members.service.ts": {"path":"C:\\Users\\Ranjot Singh\\Documents\\rrc-polytech\\semester-3\\Back End Development\\capstone project\\src\\api\\v1\\services\\members.service.ts","statementMap":{"0":{"start":{"line":1,"column":0},"end":{"line":1,"column":71}},"1":{"start":{"line":3,"column":13},"end":{"line":9,"column":2}},"2":{"start":{"line":4,"column":16},"end":{"line":4,"column":42}},"3":{"start":{"line":5,"column":27},"end":{"line":5,"column":56}},"4":{"start":{"line":6,"column":27},"end":{"line":6,"column":59}},"5":{"start":{"line":7,"column":39},"end":{"line":7,"column":75}},"6":{"start":{"line":8,"column":26},"end":{"line":8,"column":54}}},"fnMap":{"0":{"name":"(anonymous_0)","decl":{"start":{"line":4,"column":10},"end":{"line":4,"column":13}},"loc":{"start":{"line":4,"column":16},"end":{"line":4,"column":42}}},"1":{"name":"(anonymous_1)","decl":{"start":{"line":5,"column":11},"end":{"line":5,"column":12}},"loc":{"start":{"line":5,"column":27},"end":{"line":5,"column":56}}},"2":{"name":"(anonymous_2)","decl":{"start":{"line":6,"column":10},"end":{"line":6,"column":11}},"loc":{"start":{"line":6,"column":27},"end":{"line":6,"column":59}}},"3":{"name":"(anonymous_3)","decl":{"start":{"line":7,"column":10},"end":{"line":7,"column":11}},"loc":{"start":{"line":7,"column":39},"end":{"line":7,"column":75}}},"4":{"name":"(anonymous_4)","decl":{"start":{"line":8,"column":10},"end":{"line":8,"column":11}},"loc":{"start":{"line":8,"column":26},"end":{"line":8,"column":54}}}},"branchMap":{},"s":{"0":5,"1":5,"2":1,"3":1,"4":1,"5":1,"6":1},"f":{"0":1,"1":1,"2":1,"3":1,"4":1},"b":{}}
,"C:\\Users\\Ranjot Singh\\Documents\\rrc-polytech\\semester-3\\Back End Development\\capstone project\\src\\api\\v1\\services\\notification.services.ts": {"path":"C:\\Users\\Ranjot Singh\\Documents\\rrc-polytech\\semester-3\\Back End Development\\capstone project\\src\\api\\v1\\services\\notification.services.ts","statementMap":{"0":{"start":{"line":1,"column":0},"end":{"line":1,"column":48}},"1":{"start":{"line":3,"column":13},"end":{"line":60,"column":2}},"2":{"start":{"line":5,"column":17},"end":{"line":10,"column":6}},"3":{"start":{"line":12,"column":4},"end":{"line":12,"column":32}},"4":{"start":{"line":14,"column":4},"end":{"line":14,"column":57}},"5":{"start":{"line":18,"column":17},"end":{"line":23,"column":6}},"6":{"start":{"line":25,"column":4},"end":{"line":25,"column":32}},"7":{"start":{"line":27,"column":4},"end":{"line":27,"column":63}},"8":{"start":{"line":31,"column":17},"end":{"line":36,"column":6}},"9":{"start":{"line":38,"column":4},"end":{"line":38,"column":32}},"10":{"start":{"line":40,"column":4},"end":{"line":40,"column":55}},"11":{"start":{"line":44,"column":17},"end":{"line":49,"column":6}},"12":{"start":{"line":51,"column":4},"end":{"line":51,"column":32}},"13":{"start":{"line":53,"column":4},"end":{"line":58,"column":6}}},"fnMap":{"0":{"name":"(anonymous_0)","decl":{"start":{"line":4,"column":32},"end":{"line":4,"column":37}},"loc":{"start":{"line":4,"column":70},"end":{"line":15,"column":3}}},"1":{"name":"(anonymous_1)","decl":{"start":{"line":17,"column":28},"end":{"line":17,"column":33}},"loc":{"start":{"line":17,"column":71},"end":{"line":28,"column":3}}},"2":{"name":"(anonymous_2)","decl":{"start":{"line":30,"column":24},"end":{"line":30,"column":29}},"loc":{"start":{"line":30,"column":64},"end":{"line":41,"column":3}}},"3":{"name":"(anonymous_3)","decl":{"start":{"line":43,"column":22},"end":{"line":43,"column":27}},"loc":{"start":{"line":43,"column":82},"end":{"line":59,"column":3}}}},"branchMap":{},"s":{"0":5,"1":5,"2":2,"3":2,"4":1,"5":1,"6":1,"7":1,"8":0,"9":0,"10":0,"11":1,"12":1,"13":1},"f":{"0":2,"1":1,"2":0,"3":1},"b":{}}
,"C:\\Users\\Ranjot Singh\\Documents\\rrc-polytech\\semester-3\\Back End Development\\capstone project\\src\\config\\corsConfig.ts": {"path":"C:\\Users\\Ranjot Singh\\Documents\\rrc-polytech\\semester-3\\Back End Development\\capstone project\\src\\config\\corsConfig.ts","statementMap":{"0":{"start":{"line":1,"column":23},"end":{"line":19,"column":1}},"1":{"start":{"line":2,"column":26},"end":{"line":2,"column":64}},"2":{"start":{"line":4,"column":4},"end":{"line":10,"column":5}},"3":{"start":{"line":6,"column":8},"end":{"line":9,"column":10}},"4":{"start":{"line":13,"column":4},"end":{"line":18,"column":6}},"5":{"start":{"line":21,"column":0},"end":{"line":21,"column":30}}},"fnMap":{"0":{"name":"(anonymous_0)","decl":{"start":{"line":1,"column":23},"end":{"line":1,"column":26}},"loc":{"start":{"line":1,"column":28},"end":{"line":19,"column":1}}}},"branchMap":{"0":{"loc":{"start":{"line":4,"column":4},"end":{"line":10,"column":5}},"type":"if","locations":[{"start":{"line":4,"column":4},"end":{"line":10,"column":5}},{"start":{},"end":{}}]},"1":{"loc":{"start":{"line":14,"column":16},"end":{"line":14,"column":61}},"type":"binary-expr","locations":[{"start":{"line":14,"column":16},"end":{"line":14,"column":55}},{"start":{"line":14,"column":59},"end":{"line":14,"column":61}}]}},"s":{"0":5,"1":5,"2":5,"3":0,"4":5,"5":5},"f":{"0":5},"b":{"0":[0,5],"1":[5,5]}}
,"C:\\Users\\Ranjot Singh\\Documents\\rrc-polytech\\semester-3\\Back End Development\\capstone project\\src\\config\\helmetConfig.ts": {"path":"C:\\Users\\Ranjot Singh\\Documents\\rrc-polytech\\semester-3\\Back End Development\\capstone project\\src\\config\\helmetConfig.ts","statementMap":{"0":{"start":{"line":1,"column":0},"end":{"line":1,"column":28}},"1":{"start":{"line":3,"column":31},"end":{"line":31,"column":1}},"2":{"start":{"line":4,"column":26},"end":{"line":4,"column":64}},"3":{"start":{"line":7,"column":23},"end":{"line":11,"column":6}},"4":{"start":{"line":13,"column":4},"end":{"line":18,"column":5}},"5":{"start":{"line":14,"column":8},"end":{"line":17,"column":11}},"6":{"start":{"line":21,"column":4},"end":{"line":30,"column":7}},"7":{"start":{"line":3,"column":13},"end":{"line":3,"column":31}}},"fnMap":{"0":{"name":"(anonymous_1)","decl":{"start":{"line":3,"column":31},"end":{"line":3,"column":34}},"loc":{"start":{"line":3,"column":36},"end":{"line":31,"column":1}}}},"branchMap":{"0":{"loc":{"start":{"line":13,"column":4},"end":{"line":18,"column":5}},"type":"if","locations":[{"start":{"line":13,"column":4},"end":{"line":18,"column":5}},{"start":{},"end":{}}]}},"s":{"0":5,"1":5,"2":5,"3":5,"4":5,"5":0,"6":5,"7":5},"f":{"0":5},"b":{"0":[0,5]}}
,"C:\\Users\\Ranjot Singh\\Documents\\rrc-polytech\\semester-3\\Back End Development\\capstone project\\src\\config\\mailer.ts": {"path":"C:\\Users\\Ranjot Singh\\Documents\\rrc-polytech\\semester-3\\Back End Development\\capstone project\\src\\config\\mailer.ts","statementMap":{"0":{"start":{"line":1,"column":0},"end":{"line":1,"column":36}},"1":{"start":{"line":2,"column":0},"end":{"line":2,"column":28}},"2":{"start":{"line":4,"column":0},"end":{"line":4,"column":16}},"3":{"start":{"line":6,"column":13},"end":{"line":14,"column":3}}},"fnMap":{},"branchMap":{},"s":{"0":5,"1":5,"2":5,"3":5},"f":{},"b":{}}
,"C:\\Users\\Ranjot Singh\\Documents\\rrc-polytech\\semester-3\\Back End Development\\capstone project\\src\\config\\swagger.ts": {"path":"C:\\Users\\Ranjot Singh\\Documents\\rrc-polytech\\semester-3\\Back End Development\\capstone project\\src\\config\\swagger.ts","statementMap":{"0":{"start":{"line":1,"column":0},"end":{"line":1,"column":43}},"1":{"start":{"line":3,"column":0},"end":{"line":3,"column":55}},"2":{"start":{"line":5,"column":21},"end":{"line":8,"column":1}},"3":{"start":{"line":6,"column":18},"end":{"line":6,"column":39}},"4":{"start":{"line":7,"column":4},"end":{"line":7,"column":66}},"5":{"start":{"line":10,"column":0},"end":{"line":10,"column":28}}},"fnMap":{"0":{"name":"(anonymous_1)","decl":{"start":{"line":5,"column":21},"end":{"line":5,"column":22}},"loc":{"start":{"line":5,"column":44},"end":{"line":8,"column":1}}}},"branchMap":{},"s":{"0":5,"1":5,"2":5,"3":5,"4":5,"5":5},"f":{"0":5},"b":{}}
,"C:\\Users\\Ranjot Singh\\Documents\\rrc-polytech\\semester-3\\Back End Development\\capstone project\\src\\config\\swaggerOptions.ts": {"path":"C:\\Users\\Ranjot Singh\\Documents\\rrc-polytech\\semester-3\\Back End Development\\capstone project\\src\\config\\swaggerOptions.ts","statementMap":{"0":{"start":{"line":1,"column":0},"end":{"line":1,"column":41}},"1":{"start":{"line":3,"column":45},"end":{"line":69,"column":2}},"2":{"start":{"line":72,"column":35},"end":{"line":74,"column":1}},"3":{"start":{"line":73,"column":4},"end":{"line":73,"column":40}},"4":{"start":{"line":72,"column":13},"end":{"line":72,"column":35}}},"fnMap":{"0":{"name":"(anonymous_1)","decl":{"start":{"line":72,"column":35},"end":{"line":72,"column":46}},"loc":{"start":{"line":72,"column":48},"end":{"line":74,"column":1}}}},"branchMap":{},"s":{"0":5,"1":5,"2":5,"3":5,"4":5},"f":{"0":5},"b":{}}
}
