TN:
SF:src\app.ts
FN:26,(anonymous_1)
FNF:1
FNH:0
FNDA:0,(anonymous_1)
DA:1,5
DA:2,5
DA:3,5
DA:4,5
DA:5,5
DA:6,5
DA:7,5
DA:10,5
DA:13,5
DA:16,5
DA:17,5
DA:18,5
DA:19,5
DA:20,5
DA:21,5
DA:26,5
DA:27,0
DA:30,5
LF:18
LH:17
BRF:0
BRH:0
end_of_record
TN:
SF:src\api\v1\controllers\authors.controller.ts
FN:5,(anonymous_0)
FN:7,(anonymous_1)
FN:14,(anonymous_2)
FN:19,(anonymous_3)
FN:25,(anonymous_4)
FNF:5
FNH:5
FNDA:1,(anonymous_0)
FNDA:1,(anonymous_1)
FNDA:1,(anonymous_2)
FNDA:1,(anonymous_3)
FNDA:1,(anonymous_4)
DA:2,5
DA:4,5
DA:5,1
DA:8,1
DA:9,1
DA:10,1
DA:11,1
DA:15,1
DA:16,1
DA:20,1
DA:21,1
DA:22,1
DA:26,1
DA:27,1
DA:28,1
DA:29,1
LF:16
LH:16
BRDA:10,0,0,0
BRDA:10,0,1,1
BRDA:28,1,0,0
BRDA:28,1,1,1
BRF:4
BRH:2
end_of_record
TN:
SF:src\api\v1\controllers\books.controller.ts
FN:5,(anonymous_0)
FN:10,(anonymous_1)
FN:17,(anonymous_2)
FN:22,(anonymous_3)
FN:28,(anonymous_4)
FNF:5
FNH:5
FNDA:1,(anonymous_0)
FNDA:1,(anonymous_1)
FNDA:1,(anonymous_2)
FNDA:1,(anonymous_3)
FNDA:1,(anonymous_4)
DA:2,5
DA:4,5
DA:6,1
DA:7,1
DA:11,1
DA:12,1
DA:13,1
DA:14,1
DA:18,1
DA:19,1
DA:23,1
DA:24,1
DA:25,1
DA:29,1
DA:30,1
DA:31,1
DA:32,1
LF:17
LH:17
BRDA:13,0,0,0
BRDA:13,0,1,1
BRDA:31,1,0,0
BRDA:31,1,1,1
BRF:4
BRH:2
end_of_record
TN:
SF:src\api\v1\controllers\loans.controller.ts
FN:4,(anonymous_9)
FN:9,(anonymous_10)
FNF:2
FNH:2
FNDA:1,(anonymous_9)
FNDA:1,(anonymous_10)
DA:2,5
DA:4,5
DA:5,1
DA:6,1
DA:9,5
DA:10,1
DA:11,1
LF:7
LH:7
BRF:0
BRH:0
end_of_record
TN:
SF:src\api\v1\controllers\members.controller.ts
FN:5,(anonymous_0)
FN:7,(anonymous_1)
FN:14,(anonymous_2)
FN:19,(anonymous_3)
FN:25,(anonymous_4)
FNF:5
FNH:5
FNDA:1,(anonymous_0)
FNDA:1,(anonymous_1)
FNDA:1,(anonymous_2)
FNDA:1,(anonymous_3)
FNDA:1,(anonymous_4)
DA:2,5
DA:4,5
DA:5,1
DA:8,1
DA:9,1
DA:10,1
DA:11,1
DA:15,1
DA:16,1
DA:20,1
DA:21,1
DA:22,1
DA:26,1
DA:27,1
DA:28,1
DA:29,1
LF:16
LH:16
BRDA:10,0,0,0
BRDA:10,0,1,1
BRDA:28,1,0,0
BRDA:28,1,1,1
BRF:4
BRH:2
end_of_record
TN:
SF:src\api\v1\controllers\notifications.controller.ts
FN:4,(anonymous_9)
FNF:1
FNH:1
FNDA:1,(anonymous_9)
DA:2,5
DA:4,5
DA:5,1
DA:6,1
LF:4
LH:4
BRF:0
BRH:0
end_of_record
TN:
SF:src\api\v1\repositories\authors.repository.ts
FN:14,(anonymous_0)
FN:15,(anonymous_1)
FN:15,(anonymous_2)
FN:16,(anonymous_3)
FN:22,(anonymous_4)
FN:23,(anonymous_5)
FN:28,(anonymous_6)
FN:29,(anonymous_7)
FNF:8
FNH:8
FNDA:1,(anonymous_0)
FNDA:1,(anonymous_1)
FNDA:1,(anonymous_2)
FNDA:1,(anonymous_3)
FNDA:1,(anonymous_4)
FNDA:1,(anonymous_5)
FNDA:1,(anonymous_6)
FNDA:1,(anonymous_7)
DA:10,5
DA:11,5
DA:13,5
DA:14,1
DA:15,1
DA:17,1
DA:18,1
DA:19,1
DA:20,1
DA:23,1
DA:24,1
DA:25,1
DA:26,1
DA:29,1
DA:30,1
DA:31,1
LF:16
LH:16
BRDA:24,0,0,0
BRDA:24,0,1,1
BRDA:30,1,0,0
BRDA:30,1,1,1
BRF:4
BRH:2
end_of_record
TN:
SF:src\api\v1\repositories\books.repository.ts
FN:17,(anonymous_0)
FN:18,(anonymous_1)
FN:18,(anonymous_2)
FN:19,(anonymous_3)
FN:25,(anonymous_4)
FN:26,(anonymous_5)
FN:31,(anonymous_6)
FN:32,(anonymous_7)
FNF:8
FNH:8
FNDA:1,(anonymous_0)
FNDA:1,(anonymous_1)
FNDA:1,(anonymous_2)
FNDA:1,(anonymous_3)
FNDA:1,(anonymous_4)
FNDA:1,(anonymous_5)
FNDA:1,(anonymous_6)
FNDA:1,(anonymous_7)
DA:13,5
DA:14,5
DA:16,5
DA:17,1
DA:18,1
DA:20,1
DA:21,1
DA:22,1
DA:23,1
DA:26,1
DA:27,1
DA:28,1
DA:29,1
DA:32,1
DA:33,1
DA:34,1
LF:16
LH:16
BRDA:27,0,0,0
BRDA:27,0,1,1
BRDA:33,1,0,0
BRDA:33,1,1,1
BRF:4
BRH:2
end_of_record
TN:
SF:src\api\v1\repositories\loans.repository.ts
FN:3,(anonymous_0)
FN:9,(anonymous_1)
FN:11,(anonymous_2)
FNF:3
FNH:3
FNDA:1,(anonymous_0)
FNDA:1,(anonymous_1)
FNDA:1,(anonymous_2)
DA:1,5
DA:3,5
DA:4,1
DA:5,1
DA:6,1
DA:9,5
DA:10,1
DA:11,1
DA:13,1
DA:14,1
DA:15,1
DA:17,0
LF:12
LH:11
BRDA:11,0,0,1
BRDA:11,0,1,1
BRDA:13,1,0,1
BRDA:13,1,1,0
BRF:4
BRH:3
end_of_record
TN:
SF:src\api\v1\repositories\members.repository.ts
FN:14,(anonymous_0)
FN:15,(anonymous_1)
FN:15,(anonymous_2)
FN:16,(anonymous_3)
FN:22,(anonymous_4)
FN:23,(anonymous_5)
FN:28,(anonymous_6)
FN:29,(anonymous_7)
FNF:8
FNH:8
FNDA:1,(anonymous_0)
FNDA:1,(anonymous_1)
FNDA:1,(anonymous_2)
FNDA:1,(anonymous_3)
FNDA:1,(anonymous_4)
FNDA:1,(anonymous_5)
FNDA:1,(anonymous_6)
FNDA:1,(anonymous_7)
DA:10,5
DA:11,5
DA:13,5
DA:14,1
DA:15,1
DA:17,1
DA:18,1
DA:19,1
DA:20,1
DA:23,1
DA:24,1
DA:25,1
DA:26,1
DA:29,1
DA:30,1
DA:31,1
LF:16
LH:16
BRDA:24,0,0,0
BRDA:24,0,1,1
BRDA:30,1,0,0
BRDA:30,1,1,1
BRF:4
BRH:2
end_of_record
TN:
SF:src\api\v1\routes\authors.routes.ts
FNF:0
FNH:0
DA:1,5
DA:2,5
DA:4,5
DA:17,5
DA:39,5
DA:68,5
DA:104,5
DA:124,5
DA:126,5
LF:9
LH:9
BRF:0
BRH:0
end_of_record
TN:
SF:src\api\v1\routes\books.routes.ts
FNF:0
FNH:0
DA:1,5
DA:2,5
DA:4,5
DA:17,5
DA:39,5
DA:75,5
DA:118,5
DA:138,5
DA:140,5
LF:9
LH:9
BRF:0
BRH:0
end_of_record
TN:
SF:src\api\v1\routes\loans.routes.ts
FNF:0
FNH:0
DA:1,5
DA:2,5
DA:4,5
DA:31,5
DA:58,5
DA:60,5
LF:6
LH:6
BRF:0
BRH:0
end_of_record
TN:
SF:src\api\v1\routes\members.routes.ts
FNF:0
FNH:0
DA:1,5
DA:2,5
DA:4,5
DA:17,5
DA:39,5
DA:72,5
DA:110,5
DA:130,5
DA:132,5
LF:9
LH:9
BRF:0
BRH:0
end_of_record
TN:
SF:src\api\v1\routes\notifications.routes.ts
FNF:0
FNH:0
DA:1,5
DA:2,5
DA:4,5
DA:31,5
DA:33,5
LF:5
LH:5
BRF:0
BRH:0
end_of_record
TN:
SF:src\api\v1\services\authors.service.ts
FN:4,(anonymous_0)
FN:5,(anonymous_1)
FN:6,(anonymous_2)
FN:7,(anonymous_3)
FN:8,(anonymous_4)
FNF:5
FNH:5
FNDA:1,(anonymous_0)
FNDA:1,(anonymous_1)
FNDA:1,(anonymous_2)
FNDA:1,(anonymous_3)
FNDA:1,(anonymous_4)
DA:1,5
DA:3,5
DA:4,1
DA:5,1
DA:6,1
DA:7,1
DA:8,1
LF:7
LH:7
BRF:0
BRH:0
end_of_record
TN:
SF:src\api\v1\services\books.service.ts
FN:4,(anonymous_0)
FN:5,(anonymous_1)
FN:6,(anonymous_2)
FN:7,(anonymous_3)
FN:8,(anonymous_4)
FNF:5
FNH:5
FNDA:1,(anonymous_0)
FNDA:1,(anonymous_1)
FNDA:1,(anonymous_2)
FNDA:1,(anonymous_3)
FNDA:1,(anonymous_4)
DA:1,5
DA:3,5
DA:4,1
DA:5,1
DA:6,1
DA:7,1
DA:8,1
LF:7
LH:7
BRF:0
BRH:0
end_of_record
TN:
SF:src\api\v1\services\loans.services.ts
FN:3,(anonymous_9)
FN:8,(anonymous_10)
FNF:2
FNH:2
FNDA:1,(anonymous_9)
FNDA:1,(anonymous_10)
DA:1,5
DA:3,5
DA:5,1
DA:8,5
DA:9,1
LF:5
LH:5
BRF:0
BRH:0
end_of_record
TN:
SF:src\api\v1\services\members.service.ts
FN:4,(anonymous_0)
FN:5,(anonymous_1)
FN:6,(anonymous_2)
FN:7,(anonymous_3)
FN:8,(anonymous_4)
FNF:5
FNH:5
FNDA:1,(anonymous_0)
FNDA:1,(anonymous_1)
FNDA:1,(anonymous_2)
FNDA:1,(anonymous_3)
FNDA:1,(anonymous_4)
DA:1,5
DA:3,5
DA:4,1
DA:5,1
DA:6,1
DA:7,1
DA:8,1
LF:7
LH:7
BRF:0
BRH:0
end_of_record
TN:
SF:src\api\v1\services\notification.services.ts
FN:1,(anonymous_0)
FNF:1
FNH:1
FNDA:1,(anonymous_0)
DA:1,5
DA:3,1
LF:2
LH:2
BRF:0
BRH:0
end_of_record
TN:
SF:src\config\swagger.ts
FN:5,(anonymous_1)
FNF:1
FNH:1
FNDA:5,(anonymous_1)
DA:1,5
DA:3,5
DA:5,5
DA:6,5
DA:7,5
DA:10,5
LF:6
LH:6
BRF:0
BRH:0
end_of_record
TN:
SF:src\config\swaggerOptions.ts
FN:37,(anonymous_1)
FNF:1
FNH:1
FNDA:5,(anonymous_1)
DA:1,5
DA:3,5
DA:37,5
DA:38,5
LF:4
LH:4
BRF:0
BRH:0
end_of_record
